
*** Running vivado
    with args -log fifo_generator_0.vds -m64 -product Vivado -mode batch -messageDb vivado.pb -notrace -source fifo_generator_0.tcl


****** Vivado v2017.4 (64-bit)
  **** SW Build 2086221 on Fri Dec 15 20:55:39 MST 2017
  **** IP Build 2085800 on Fri Dec 15 22:25:07 MST 2017
    ** Copyright 1986-2017 Xilinx, Inc. All Rights Reserved.

source fifo_generator_0.tcl -notrace
Command: synth_design -top fifo_generator_0 -part xc7z020clg400-1 -mode out_of_context
Starting synth_design
Attempting to get a license for feature 'Synthesis' and/or device 'xc7z020'
INFO: [Common 17-349] Got license for feature 'Synthesis' and/or device 'xc7z020'
INFO: Launching helper process for spawning children vivado processes
INFO: Helper process launched with PID 15736 
---------------------------------------------------------------------------------
Starting RTL Elaboration : Time (s): cpu = 00:00:07 ; elapsed = 00:00:07 . Memory (MB): peak = 486.469 ; gain = 100.277
---------------------------------------------------------------------------------
INFO: [Synth 8-638] synthesizing module 'fifo_generator_0' [e:/ZynqProject_v17/Adc9228_top_axi_v2/Adc9228_top_axi.srcs/sources_1/ip/fifo_generator_0/synth/fifo_generator_0.vhd:79]
	Parameter C_COMMON_CLOCK bound to: 0 - type: integer 
	Parameter C_SELECT_XPM bound to: 0 - type: integer 
	Parameter C_COUNT_TYPE bound to: 0 - type: integer 
	Parameter C_DATA_COUNT_WIDTH bound to: 10 - type: integer 
	Parameter C_DEFAULT_VALUE bound to: BlankString - type: string 
	Parameter C_DIN_WIDTH bound to: 17 - type: integer 
	Parameter C_DOUT_RST_VAL bound to: 0 - type: string 
	Parameter C_DOUT_WIDTH bound to: 17 - type: integer 
	Parameter C_ENABLE_RLOCS bound to: 0 - type: integer 
	Parameter C_FAMILY bound to: zynq - type: string 
	Parameter C_FULL_FLAGS_RST_VAL bound to: 1 - type: integer 
	Parameter C_HAS_ALMOST_EMPTY bound to: 0 - type: integer 
	Parameter C_HAS_ALMOST_FULL bound to: 0 - type: integer 
	Parameter C_HAS_BACKUP bound to: 0 - type: integer 
	Parameter C_HAS_DATA_COUNT bound to: 0 - type: integer 
	Parameter C_HAS_INT_CLK bound to: 0 - type: integer 
	Parameter C_HAS_MEMINIT_FILE bound to: 0 - type: integer 
	Parameter C_HAS_OVERFLOW bound to: 0 - type: integer 
	Parameter C_HAS_RD_DATA_COUNT bound to: 1 - type: integer 
	Parameter C_HAS_RD_RST bound to: 0 - type: integer 
	Parameter C_HAS_RST bound to: 1 - type: integer 
	Parameter C_HAS_SRST bound to: 0 - type: integer 
	Parameter C_HAS_UNDERFLOW bound to: 0 - type: integer 
	Parameter C_HAS_VALID bound to: 0 - type: integer 
	Parameter C_HAS_WR_ACK bound to: 0 - type: integer 
	Parameter C_HAS_WR_DATA_COUNT bound to: 1 - type: integer 
	Parameter C_HAS_WR_RST bound to: 0 - type: integer 
	Parameter C_IMPLEMENTATION_TYPE bound to: 0 - type: integer 
	Parameter C_INIT_WR_PNTR_VAL bound to: 0 - type: integer 
	Parameter C_MEMORY_TYPE bound to: 1 - type: integer 
	Parameter C_MIF_FILE_NAME bound to: BlankString - type: string 
	Parameter C_OPTIMIZATION_MODE bound to: 0 - type: integer 
	Parameter C_OVERFLOW_LOW bound to: 0 - type: integer 
	Parameter C_PRELOAD_LATENCY bound to: 0 - type: integer 
	Parameter C_PRELOAD_REGS bound to: 1 - type: integer 
	Parameter C_PRIM_FIFO_TYPE bound to: 4kx4 - type: string 
	Parameter C_PROG_EMPTY_THRESH_ASSERT_VAL bound to: 4 - type: integer 
	Parameter C_PROG_EMPTY_THRESH_NEGATE_VAL bound to: 5 - type: integer 
	Parameter C_PROG_EMPTY_TYPE bound to: 0 - type: integer 
	Parameter C_PROG_FULL_THRESH_ASSERT_VAL bound to: 1023 - type: integer 
	Parameter C_PROG_FULL_THRESH_NEGATE_VAL bound to: 1022 - type: integer 
	Parameter C_PROG_FULL_TYPE bound to: 0 - type: integer 
	Parameter C_RD_DATA_COUNT_WIDTH bound to: 10 - type: integer 
	Parameter C_RD_DEPTH bound to: 1024 - type: integer 
	Parameter C_RD_FREQ bound to: 1 - type: integer 
	Parameter C_RD_PNTR_WIDTH bound to: 10 - type: integer 
	Parameter C_UNDERFLOW_LOW bound to: 0 - type: integer 
	Parameter C_USE_DOUT_RST bound to: 1 - type: integer 
	Parameter C_USE_ECC bound to: 0 - type: integer 
	Parameter C_USE_EMBEDDED_REG bound to: 0 - type: integer 
	Parameter C_USE_PIPELINE_REG bound to: 0 - type: integer 
	Parameter C_POWER_SAVING_MODE bound to: 0 - type: integer 
	Parameter C_USE_FIFO16_FLAGS bound to: 0 - type: integer 
	Parameter C_USE_FWFT_DATA_COUNT bound to: 0 - type: integer 
	Parameter C_VALID_LOW bound to: 0 - type: integer 
	Parameter C_WR_ACK_LOW bound to: 0 - type: integer 
	Parameter C_WR_DATA_COUNT_WIDTH bound to: 10 - type: integer 
	Parameter C_WR_DEPTH bound to: 1024 - type: integer 
	Parameter C_WR_FREQ bound to: 1 - type: integer 
	Parameter C_WR_PNTR_WIDTH bound to: 10 - type: integer 
	Parameter C_WR_RESPONSE_LATENCY bound to: 1 - type: integer 
	Parameter C_MSGON_VAL bound to: 1 - type: integer 
	Parameter C_ENABLE_RST_SYNC bound to: 1 - type: integer 
	Parameter C_EN_SAFETY_CKT bound to: 1 - type: integer 
	Parameter C_ERROR_INJECTION_TYPE bound to: 0 - type: integer 
	Parameter C_SYNCHRONIZER_STAGE bound to: 2 - type: integer 
	Parameter C_INTERFACE_TYPE bound to: 1 - type: integer 
	Parameter C_AXI_TYPE bound to: 1 - type: integer 
	Parameter C_HAS_AXI_WR_CHANNEL bound to: 1 - type: integer 
	Parameter C_HAS_AXI_RD_CHANNEL bound to: 1 - type: integer 
	Parameter C_HAS_SLAVE_CE bound to: 0 - type: integer 
	Parameter C_HAS_MASTER_CE bound to: 0 - type: integer 
	Parameter C_ADD_NGC_CONSTRAINT bound to: 0 - type: integer 
	Parameter C_USE_COMMON_OVERFLOW bound to: 0 - type: integer 
	Parameter C_USE_COMMON_UNDERFLOW bound to: 0 - type: integer 
	Parameter C_USE_DEFAULT_SETTINGS bound to: 0 - type: integer 
	Parameter C_AXI_ID_WIDTH bound to: 1 - type: integer 
	Parameter C_AXI_ADDR_WIDTH bound to: 32 - type: integer 
	Parameter C_AXI_DATA_WIDTH bound to: 64 - type: integer 
	Parameter C_AXI_LEN_WIDTH bound to: 8 - type: integer 
	Parameter C_AXI_LOCK_WIDTH bound to: 1 - type: integer 
	Parameter C_HAS_AXI_ID bound to: 0 - type: integer 
	Parameter C_HAS_AXI_AWUSER bound to: 0 - type: integer 
	Parameter C_HAS_AXI_WUSER bound to: 0 - type: integer 
	Parameter C_HAS_AXI_BUSER bound to: 0 - type: integer 
	Parameter C_HAS_AXI_ARUSER bound to: 0 - type: integer 
	Parameter C_HAS_AXI_RUSER bound to: 0 - type: integer 
	Parameter C_AXI_ARUSER_WIDTH bound to: 1 - type: integer 
	Parameter C_AXI_AWUSER_WIDTH bound to: 1 - type: integer 
	Parameter C_AXI_WUSER_WIDTH bound to: 1 - type: integer 
	Parameter C_AXI_BUSER_WIDTH bound to: 1 - type: integer 
	Parameter C_AXI_RUSER_WIDTH bound to: 1 - type: integer 
	Parameter C_HAS_AXIS_TDATA bound to: 1 - type: integer 
	Parameter C_HAS_AXIS_TID bound to: 0 - type: integer 
	Parameter C_HAS_AXIS_TDEST bound to: 0 - type: integer 
	Parameter C_HAS_AXIS_TUSER bound to: 1 - type: integer 
	Parameter C_HAS_AXIS_TREADY bound to: 1 - type: integer 
	Parameter C_HAS_AXIS_TLAST bound to: 1 - type: integer 
	Parameter C_HAS_AXIS_TSTRB bound to: 0 - type: integer 
	Parameter C_HAS_AXIS_TKEEP bound to: 0 - type: integer 
	Parameter C_AXIS_TDATA_WIDTH bound to: 16 - type: integer 
	Parameter C_AXIS_TID_WIDTH bound to: 1 - type: integer 
	Parameter C_AXIS_TDEST_WIDTH bound to: 1 - type: integer 
	Parameter C_AXIS_TUSER_WIDTH bound to: 4 - type: integer 
	Parameter C_AXIS_TSTRB_WIDTH bound to: 2 - type: integer 
	Parameter C_AXIS_TKEEP_WIDTH bound to: 2 - type: integer 
	Parameter C_WACH_TYPE bound to: 0 - type: integer 
	Parameter C_WDCH_TYPE bound to: 0 - type: integer 
	Parameter C_WRCH_TYPE bound to: 0 - type: integer 
	Parameter C_RACH_TYPE bound to: 0 - type: integer 
	Parameter C_RDCH_TYPE bound to: 0 - type: integer 
	Parameter C_AXIS_TYPE bound to: 0 - type: integer 
	Parameter C_IMPLEMENTATION_TYPE_WACH bound to: 12 - type: integer 
	Parameter C_IMPLEMENTATION_TYPE_WDCH bound to: 11 - type: integer 
	Parameter C_IMPLEMENTATION_TYPE_WRCH bound to: 12 - type: integer 
	Parameter C_IMPLEMENTATION_TYPE_RACH bound to: 12 - type: integer 
	Parameter C_IMPLEMENTATION_TYPE_RDCH bound to: 11 - type: integer 
	Parameter C_IMPLEMENTATION_TYPE_AXIS bound to: 11 - type: integer 
	Parameter C_APPLICATION_TYPE_WACH bound to: 0 - type: integer 
	Parameter C_APPLICATION_TYPE_WDCH bound to: 0 - type: integer 
	Parameter C_APPLICATION_TYPE_WRCH bound to: 0 - type: integer 
	Parameter C_APPLICATION_TYPE_RACH bound to: 0 - type: integer 
	Parameter C_APPLICATION_TYPE_RDCH bound to: 0 - type: integer 
	Parameter C_APPLICATION_TYPE_AXIS bound to: 1 - type: integer 
	Parameter C_PRIM_FIFO_TYPE_WACH bound to: 512x36 - type: string 
	Parameter C_PRIM_FIFO_TYPE_WDCH bound to: 1kx36 - type: string 
	Parameter C_PRIM_FIFO_TYPE_WRCH bound to: 512x36 - type: string 
	Parameter C_PRIM_FIFO_TYPE_RACH bound to: 512x36 - type: string 
	Parameter C_PRIM_FIFO_TYPE_RDCH bound to: 1kx36 - type: string 
	Parameter C_PRIM_FIFO_TYPE_AXIS bound to: 2kx18 - type: string 
	Parameter C_USE_ECC_WACH bound to: 0 - type: integer 
	Parameter C_USE_ECC_WDCH bound to: 0 - type: integer 
	Parameter C_USE_ECC_WRCH bound to: 0 - type: integer 
	Parameter C_USE_ECC_RACH bound to: 0 - type: integer 
	Parameter C_USE_ECC_RDCH bound to: 0 - type: integer 
	Parameter C_USE_ECC_AXIS bound to: 0 - type: integer 
	Parameter C_ERROR_INJECTION_TYPE_WACH bound to: 0 - type: integer 
	Parameter C_ERROR_INJECTION_TYPE_WDCH bound to: 0 - type: integer 
	Parameter C_ERROR_INJECTION_TYPE_WRCH bound to: 0 - type: integer 
	Parameter C_ERROR_INJECTION_TYPE_RACH bound to: 0 - type: integer 
	Parameter C_ERROR_INJECTION_TYPE_RDCH bound to: 0 - type: integer 
	Parameter C_ERROR_INJECTION_TYPE_AXIS bound to: 0 - type: integer 
	Parameter C_DIN_WIDTH_WACH bound to: 32 - type: integer 
	Parameter C_DIN_WIDTH_WDCH bound to: 64 - type: integer 
	Parameter C_DIN_WIDTH_WRCH bound to: 2 - type: integer 
	Parameter C_DIN_WIDTH_RACH bound to: 32 - type: integer 
	Parameter C_DIN_WIDTH_RDCH bound to: 64 - type: integer 
	Parameter C_DIN_WIDTH_AXIS bound to: 21 - type: integer 
	Parameter C_WR_DEPTH_WACH bound to: 16 - type: integer 
	Parameter C_WR_DEPTH_WDCH bound to: 1024 - type: integer 
	Parameter C_WR_DEPTH_WRCH bound to: 16 - type: integer 
	Parameter C_WR_DEPTH_RACH bound to: 16 - type: integer 
	Parameter C_WR_DEPTH_RDCH bound to: 1024 - type: integer 
	Parameter C_WR_DEPTH_AXIS bound to: 2048 - type: integer 
	Parameter C_WR_PNTR_WIDTH_WACH bound to: 4 - type: integer 
	Parameter C_WR_PNTR_WIDTH_WDCH bound to: 10 - type: integer 
	Parameter C_WR_PNTR_WIDTH_WRCH bound to: 4 - type: integer 
	Parameter C_WR_PNTR_WIDTH_RACH bound to: 4 - type: integer 
	Parameter C_WR_PNTR_WIDTH_RDCH bound to: 10 - type: integer 
	Parameter C_WR_PNTR_WIDTH_AXIS bound to: 11 - type: integer 
	Parameter C_HAS_DATA_COUNTS_WACH bound to: 0 - type: integer 
	Parameter C_HAS_DATA_COUNTS_WDCH bound to: 0 - type: integer 
	Parameter C_HAS_DATA_COUNTS_WRCH bound to: 0 - type: integer 
	Parameter C_HAS_DATA_COUNTS_RACH bound to: 0 - type: integer 
	Parameter C_HAS_DATA_COUNTS_RDCH bound to: 0 - type: integer 
	Parameter C_HAS_DATA_COUNTS_AXIS bound to: 0 - type: integer 
	Parameter C_HAS_PROG_FLAGS_WACH bound to: 0 - type: integer 
	Parameter C_HAS_PROG_FLAGS_WDCH bound to: 0 - type: integer 
	Parameter C_HAS_PROG_FLAGS_WRCH bound to: 0 - type: integer 
	Parameter C_HAS_PROG_FLAGS_RACH bound to: 0 - type: integer 
	Parameter C_HAS_PROG_FLAGS_RDCH bound to: 0 - type: integer 
	Parameter C_HAS_PROG_FLAGS_AXIS bound to: 0 - type: integer 
	Parameter C_PROG_FULL_TYPE_WACH bound to: 0 - type: integer 
	Parameter C_PROG_FULL_TYPE_WDCH bound to: 0 - type: integer 
	Parameter C_PROG_FULL_TYPE_WRCH bound to: 0 - type: integer 
	Parameter C_PROG_FULL_TYPE_RACH bound to: 0 - type: integer 
	Parameter C_PROG_FULL_TYPE_RDCH bound to: 0 - type: integer 
	Parameter C_PROG_FULL_TYPE_AXIS bound to: 0 - type: integer 
	Parameter C_PROG_FULL_THRESH_ASSERT_VAL_WACH bound to: 15 - type: integer 
	Parameter C_PROG_FULL_THRESH_ASSERT_VAL_WDCH bound to: 1023 - type: integer 
	Parameter C_PROG_FULL_THRESH_ASSERT_VAL_WRCH bound to: 15 - type: integer 
	Parameter C_PROG_FULL_THRESH_ASSERT_VAL_RACH bound to: 15 - type: integer 
	Parameter C_PROG_FULL_THRESH_ASSERT_VAL_RDCH bound to: 1023 - type: integer 
	Parameter C_PROG_FULL_THRESH_ASSERT_VAL_AXIS bound to: 2047 - type: integer 
	Parameter C_PROG_EMPTY_TYPE_WACH bound to: 0 - type: integer 
	Parameter C_PROG_EMPTY_TYPE_WDCH bound to: 0 - type: integer 
	Parameter C_PROG_EMPTY_TYPE_WRCH bound to: 0 - type: integer 
	Parameter C_PROG_EMPTY_TYPE_RACH bound to: 0 - type: integer 
	Parameter C_PROG_EMPTY_TYPE_RDCH bound to: 0 - type: integer 
	Parameter C_PROG_EMPTY_TYPE_AXIS bound to: 0 - type: integer 
	Parameter C_PROG_EMPTY_THRESH_ASSERT_VAL_WACH bound to: 13 - type: integer 
	Parameter C_PROG_EMPTY_THRESH_ASSERT_VAL_WDCH bound to: 1021 - type: integer 
	Parameter C_PROG_EMPTY_THRESH_ASSERT_VAL_WRCH bound to: 13 - type: integer 
	Parameter C_PROG_EMPTY_THRESH_ASSERT_VAL_RACH bound to: 13 - type: integer 
	Parameter C_PROG_EMPTY_THRESH_ASSERT_VAL_RDCH bound to: 1021 - type: integer 
	Parameter C_PROG_EMPTY_THRESH_ASSERT_VAL_AXIS bound to: 2045 - type: integer 
	Parameter C_REG_SLICE_MODE_WACH bound to: 0 - type: integer 
	Parameter C_REG_SLICE_MODE_WDCH bound to: 0 - type: integer 
	Parameter C_REG_SLICE_MODE_WRCH bound to: 0 - type: integer 
	Parameter C_REG_SLICE_MODE_RACH bound to: 0 - type: integer 
	Parameter C_REG_SLICE_MODE_RDCH bound to: 0 - type: integer 
	Parameter C_REG_SLICE_MODE_AXIS bound to: 0 - type: integer 
INFO: [Synth 8-3491] module 'fifo_generator_v13_2_1' declared at 'e:/ZynqProject_v17/Adc9228_top_axi_v2/Adc9228_top_axi.srcs/sources_1/ip/fifo_generator_0/hdl/fifo_generator_v13_2_vhsyn_rfs.vhd:38483' bound to instance 'U0' of component 'fifo_generator_v13_2_1' [e:/ZynqProject_v17/Adc9228_top_axi_v2/Adc9228_top_axi.srcs/sources_1/ip/fifo_generator_0/synth/fifo_generator_0.vhd:557]
INFO: [Synth 8-638] synthesizing module 'xpm_cdc_async_rst' [E:/Vivado2017.4/Vivado/2017.4/data/ip/xpm/xpm_cdc/hdl/xpm_cdc.sv:1177]
INFO: [Synth 8-5534] Detected attribute (* ASYNC_REG = "TRUE" *) [E:/Vivado2017.4/Vivado/2017.4/data/ip/xpm/xpm_cdc/hdl/xpm_cdc.sv:1228]
INFO: [Synth 8-256] done synthesizing module 'xpm_cdc_async_rst' (1#1) [E:/Vivado2017.4/Vivado/2017.4/data/ip/xpm/xpm_cdc/hdl/xpm_cdc.sv:1177]
INFO: [Synth 8-638] synthesizing module 'xpm_cdc_single' [E:/Vivado2017.4/Vivado/2017.4/data/ip/xpm/xpm_cdc/hdl/xpm_cdc.sv:153]
INFO: [Synth 8-5534] Detected attribute (* ASYNC_REG = "TRUE" *) [E:/Vivado2017.4/Vivado/2017.4/data/ip/xpm/xpm_cdc/hdl/xpm_cdc.sv:205]
INFO: [Synth 8-256] done synthesizing module 'xpm_cdc_single' (2#1) [E:/Vivado2017.4/Vivado/2017.4/data/ip/xpm/xpm_cdc/hdl/xpm_cdc.sv:153]
INFO: [Synth 8-638] synthesizing module 'xpm_cdc_sync_rst' [E:/Vivado2017.4/Vivado/2017.4/data/ip/xpm/xpm_cdc/hdl/xpm_cdc.sv:1045]
INFO: [Synth 8-5534] Detected attribute (* ASYNC_REG = "TRUE" *) [E:/Vivado2017.4/Vivado/2017.4/data/ip/xpm/xpm_cdc/hdl/xpm_cdc.sv:1097]
INFO: [Synth 8-256] done synthesizing module 'xpm_cdc_sync_rst' (4#1) [E:/Vivado2017.4/Vivado/2017.4/data/ip/xpm/xpm_cdc/hdl/xpm_cdc.sv:1045]
INFO: [Synth 8-638] synthesizing module 'xpm_cdc_single__parameterized0' [E:/Vivado2017.4/Vivado/2017.4/data/ip/xpm/xpm_cdc/hdl/xpm_cdc.sv:153]
INFO: [Synth 8-256] done synthesizing module 'xpm_cdc_single__parameterized0' (4#1) [E:/Vivado2017.4/Vivado/2017.4/data/ip/xpm/xpm_cdc/hdl/xpm_cdc.sv:153]
INFO: [Synth 8-638] synthesizing module 'xpm_cdc_gray' [E:/Vivado2017.4/Vivado/2017.4/data/ip/xpm/xpm_cdc/hdl/xpm_cdc.sv:300]
INFO: [Synth 8-5534] Detected attribute (* ASYNC_REG = "TRUE" *) [E:/Vivado2017.4/Vivado/2017.4/data/ip/xpm/xpm_cdc/hdl/xpm_cdc.sv:390]
INFO: [Synth 8-256] done synthesizing module 'xpm_cdc_gray' (15#1) [E:/Vivado2017.4/Vivado/2017.4/data/ip/xpm/xpm_cdc/hdl/xpm_cdc.sv:300]
INFO: [Synth 8-638] synthesizing module 'xpm_cdc_single__parameterized1' [E:/Vivado2017.4/Vivado/2017.4/data/ip/xpm/xpm_cdc/hdl/xpm_cdc.sv:153]
INFO: [Synth 8-256] done synthesizing module 'xpm_cdc_single__parameterized1' (27#1) [E:/Vivado2017.4/Vivado/2017.4/data/ip/xpm/xpm_cdc/hdl/xpm_cdc.sv:153]
INFO: [Synth 8-256] done synthesizing module 'fifo_generator_0' (30#1) [e:/ZynqProject_v17/Adc9228_top_axi_v2/Adc9228_top_axi.srcs/sources_1/ip/fifo_generator_0/synth/fifo_generator_0.vhd:79]
WARNING: [Synth 8-3331] design xpm_cdc_single has unconnected port src_clk
WARNING: [Synth 8-3331] design reset_blk_ramfifo has unconnected port WR_RST
WARNING: [Synth 8-3331] design reset_blk_ramfifo has unconnected port RD_RST
WARNING: [Synth 8-3331] design reset_blk_ramfifo has unconnected port SRST
WARNING: [Synth 8-3331] design xpm_cdc_single__parameterized1 has unconnected port src_clk
WARNING: [Synth 8-3331] design wr_status_flags_as has unconnected port WR_RST
WARNING: [Synth 8-3331] design wr_status_flags_as has unconnected port RST_FULL_FF
WARNING: [Synth 8-3331] design wr_status_flags_as has unconnected port SAFETY_CKT_WR_RST
WARNING: [Synth 8-3331] design wr_bin_cntr has unconnected port RST
WARNING: [Synth 8-3331] design wr_logic has unconnected port WR_EN_INTO_LOGIC
WARNING: [Synth 8-3331] design wr_logic has unconnected port WR_RST_INTO_LOGIC
WARNING: [Synth 8-3331] design wr_logic has unconnected port RD_EN
WARNING: [Synth 8-3331] design wr_logic has unconnected port SRST_FULL_FF
WARNING: [Synth 8-3331] design wr_logic has unconnected port WR_RST_BUSY
WARNING: [Synth 8-3331] design wr_logic has unconnected port EMPTY
WARNING: [Synth 8-3331] design wr_logic has unconnected port RAM_RD_EN
WARNING: [Synth 8-3331] design wr_logic has unconnected port ALMOST_EMPTY
WARNING: [Synth 8-3331] design wr_logic has unconnected port PROG_FULL_THRESH[10]
WARNING: [Synth 8-3331] design wr_logic has unconnected port PROG_FULL_THRESH[9]
WARNING: [Synth 8-3331] design wr_logic has unconnected port PROG_FULL_THRESH[8]
WARNING: [Synth 8-3331] design wr_logic has unconnected port PROG_FULL_THRESH[7]
WARNING: [Synth 8-3331] design wr_logic has unconnected port PROG_FULL_THRESH[6]
WARNING: [Synth 8-3331] design wr_logic has unconnected port PROG_FULL_THRESH[5]
WARNING: [Synth 8-3331] design wr_logic has unconnected port PROG_FULL_THRESH[4]
WARNING: [Synth 8-3331] design wr_logic has unconnected port PROG_FULL_THRESH[3]
WARNING: [Synth 8-3331] design wr_logic has unconnected port PROG_FULL_THRESH[2]
WARNING: [Synth 8-3331] design wr_logic has unconnected port PROG_FULL_THRESH[1]
WARNING: [Synth 8-3331] design wr_logic has unconnected port PROG_FULL_THRESH[0]
WARNING: [Synth 8-3331] design wr_logic has unconnected port PROG_FULL_THRESH_ASSERT[10]
WARNING: [Synth 8-3331] design wr_logic has unconnected port PROG_FULL_THRESH_ASSERT[9]
WARNING: [Synth 8-3331] design wr_logic has unconnected port PROG_FULL_THRESH_ASSERT[8]
WARNING: [Synth 8-3331] design wr_logic has unconnected port PROG_FULL_THRESH_ASSERT[7]
WARNING: [Synth 8-3331] design wr_logic has unconnected port PROG_FULL_THRESH_ASSERT[6]
WARNING: [Synth 8-3331] design wr_logic has unconnected port PROG_FULL_THRESH_ASSERT[5]
WARNING: [Synth 8-3331] design wr_logic has unconnected port PROG_FULL_THRESH_ASSERT[4]
WARNING: [Synth 8-3331] design wr_logic has unconnected port PROG_FULL_THRESH_ASSERT[3]
WARNING: [Synth 8-3331] design wr_logic has unconnected port PROG_FULL_THRESH_ASSERT[2]
WARNING: [Synth 8-3331] design wr_logic has unconnected port PROG_FULL_THRESH_ASSERT[1]
WARNING: [Synth 8-3331] design wr_logic has unconnected port PROG_FULL_THRESH_ASSERT[0]
WARNING: [Synth 8-3331] design wr_logic has unconnected port PROG_FULL_THRESH_NEGATE[10]
WARNING: [Synth 8-3331] design wr_logic has unconnected port PROG_FULL_THRESH_NEGATE[9]
WARNING: [Synth 8-3331] design wr_logic has unconnected port PROG_FULL_THRESH_NEGATE[8]
WARNING: [Synth 8-3331] design wr_logic has unconnected port PROG_FULL_THRESH_NEGATE[7]
WARNING: [Synth 8-3331] design wr_logic has unconnected port PROG_FULL_THRESH_NEGATE[6]
WARNING: [Synth 8-3331] design wr_logic has unconnected port PROG_FULL_THRESH_NEGATE[5]
WARNING: [Synth 8-3331] design wr_logic has unconnected port PROG_FULL_THRESH_NEGATE[4]
WARNING: [Synth 8-3331] design wr_logic has unconnected port PROG_FULL_THRESH_NEGATE[3]
WARNING: [Synth 8-3331] design wr_logic has unconnected port PROG_FULL_THRESH_NEGATE[2]
WARNING: [Synth 8-3331] design wr_logic has unconnected port PROG_FULL_THRESH_NEGATE[1]
WARNING: [Synth 8-3331] design wr_logic has unconnected port PROG_FULL_THRESH_NEGATE[0]
WARNING: [Synth 8-3331] design rd_fwft has unconnected port RD_RST
WARNING: [Synth 8-3331] design rd_fwft has unconnected port SAFETY_CKT_RD_RST
WARNING: [Synth 8-3331] design rd_fwft has unconnected port RAM_ALMOST_EMPTY
WARNING: [Synth 8-3331] design rd_status_flags_as has unconnected port RD_RST
WARNING: [Synth 8-3331] design rd_status_flags_as has unconnected port SAFETY_CKT_RD_RST
WARNING: [Synth 8-3331] design rd_status_flags_as has unconnected port RD_PNTR_PLUS2[10]
WARNING: [Synth 8-3331] design rd_status_flags_as has unconnected port RD_PNTR_PLUS2[9]
WARNING: [Synth 8-3331] design rd_status_flags_as has unconnected port RD_PNTR_PLUS2[8]
WARNING: [Synth 8-3331] design rd_status_flags_as has unconnected port RD_PNTR_PLUS2[7]
WARNING: [Synth 8-3331] design rd_status_flags_as has unconnected port RD_PNTR_PLUS2[6]
WARNING: [Synth 8-3331] design rd_status_flags_as has unconnected port RD_PNTR_PLUS2[5]
WARNING: [Synth 8-3331] design rd_status_flags_as has unconnected port RD_PNTR_PLUS2[4]
WARNING: [Synth 8-3331] design rd_status_flags_as has unconnected port RD_PNTR_PLUS2[3]
WARNING: [Synth 8-3331] design rd_status_flags_as has unconnected port RD_PNTR_PLUS2[2]
WARNING: [Synth 8-3331] design rd_status_flags_as has unconnected port RD_PNTR_PLUS2[1]
WARNING: [Synth 8-3331] design rd_status_flags_as has unconnected port RD_PNTR_PLUS2[0]
WARNING: [Synth 8-3331] design rd_bin_cntr has unconnected port RST
WARNING: [Synth 8-3331] design rd_logic has unconnected port RD_EN_INTO_LOGIC
WARNING: [Synth 8-3331] design rd_logic has unconnected port RD_RST_INTO_LOGIC
WARNING: [Synth 8-3331] design rd_logic has unconnected port RD_RST_BUSY
WARNING: [Synth 8-3331] design rd_logic has unconnected port RAM_WR_EN
WARNING: [Synth 8-3331] design rd_logic has unconnected port RST_FULL_FF
WARNING: [Synth 8-3331] design rd_logic has unconnected port ALMOST_FULL_FB
WARNING: [Synth 8-3331] design rd_logic has unconnected port FULL
WARNING: [Synth 8-3331] design rd_logic has unconnected port WR_PNTR_PLUS1_RD[10]
WARNING: [Synth 8-3331] design rd_logic has unconnected port WR_PNTR_PLUS1_RD[9]
WARNING: [Synth 8-3331] design rd_logic has unconnected port WR_PNTR_PLUS1_RD[8]
WARNING: [Synth 8-3331] design rd_logic has unconnected port WR_PNTR_PLUS1_RD[7]
WARNING: [Synth 8-3331] design rd_logic has unconnected port WR_PNTR_PLUS1_RD[6]
WARNING: [Synth 8-3331] design rd_logic has unconnected port WR_PNTR_PLUS1_RD[5]
WARNING: [Synth 8-3331] design rd_logic has unconnected port WR_PNTR_PLUS1_RD[4]
WARNING: [Synth 8-3331] design rd_logic has unconnected port WR_PNTR_PLUS1_RD[3]
WARNING: [Synth 8-3331] design rd_logic has unconnected port WR_PNTR_PLUS1_RD[2]
WARNING: [Synth 8-3331] design rd_logic has unconnected port WR_PNTR_PLUS1_RD[1]
WARNING: [Synth 8-3331] design rd_logic has unconnected port WR_PNTR_PLUS1_RD[0]
WARNING: [Synth 8-3331] design rd_logic has unconnected port PROG_EMPTY_THRESH[10]
WARNING: [Synth 8-3331] design rd_logic has unconnected port PROG_EMPTY_THRESH[9]
WARNING: [Synth 8-3331] design rd_logic has unconnected port PROG_EMPTY_THRESH[8]
WARNING: [Synth 8-3331] design rd_logic has unconnected port PROG_EMPTY_THRESH[7]
WARNING: [Synth 8-3331] design rd_logic has unconnected port PROG_EMPTY_THRESH[6]
WARNING: [Synth 8-3331] design rd_logic has unconnected port PROG_EMPTY_THRESH[5]
WARNING: [Synth 8-3331] design rd_logic has unconnected port PROG_EMPTY_THRESH[4]
WARNING: [Synth 8-3331] design rd_logic has unconnected port PROG_EMPTY_THRESH[3]
WARNING: [Synth 8-3331] design rd_logic has unconnected port PROG_EMPTY_THRESH[2]
WARNING: [Synth 8-3331] design rd_logic has unconnected port PROG_EMPTY_THRESH[1]
WARNING: [Synth 8-3331] design rd_logic has unconnected port PROG_EMPTY_THRESH[0]
WARNING: [Synth 8-3331] design rd_logic has unconnected port PROG_EMPTY_THRESH_ASSERT[10]
WARNING: [Synth 8-3331] design rd_logic has unconnected port PROG_EMPTY_THRESH_ASSERT[9]
WARNING: [Synth 8-3331] design rd_logic has unconnected port PROG_EMPTY_THRESH_ASSERT[8]
WARNING: [Synth 8-3331] design rd_logic has unconnected port PROG_EMPTY_THRESH_ASSERT[7]
INFO: [Common 17-14] Message 'Synth 8-3331' appears 100 times and further instances of the messages will be disabled. Use the Tcl command set_msg_config to change the current settings.
---------------------------------------------------------------------------------
Finished RTL Elaboration : Time (s): cpu = 00:00:54 ; elapsed = 00:00:54 . Memory (MB): peak = 760.250 ; gain = 374.059
---------------------------------------------------------------------------------

Report Check Netlist: 
+------+------------------+-------+---------+-------+------------------+
|      |Item              |Errors |Warnings |Status |Description       |
+------+------------------+-------+---------+-------+------------------+
|1     |multi_driven_nets |      0|        0|Passed |Multi driven nets |
+------+------------------+-------+---------+-------+------------------+
---------------------------------------------------------------------------------
Finished RTL Optimization Phase 1 : Time (s): cpu = 00:00:54 ; elapsed = 00:00:54 . Memory (MB): peak = 760.250 ; gain = 374.059
---------------------------------------------------------------------------------
INFO: [Netlist 29-17] Analyzing 32 Unisim elements for replacement
INFO: [Netlist 29-28] Unisim Transformation completed in 0 CPU seconds
INFO: [Device 21-403] Loading part xc7z020clg400-1
INFO: [Project 1-570] Preparing netlist for logic optimization

Processing XDC Constraints
Initializing timing engine
Parsing XDC File [e:/ZynqProject_v17/Adc9228_top_axi_v2/Adc9228_top_axi.srcs/sources_1/ip/fifo_generator_0/fifo_generator_0_ooc.xdc] for cell 'U0'
Finished Parsing XDC File [e:/ZynqProject_v17/Adc9228_top_axi_v2/Adc9228_top_axi.srcs/sources_1/ip/fifo_generator_0/fifo_generator_0_ooc.xdc] for cell 'U0'
Parsing XDC File [e:/ZynqProject_v17/Adc9228_top_axi_v2/Adc9228_top_axi.srcs/sources_1/ip/fifo_generator_0/fifo_generator_0.xdc] for cell 'U0'
Finished Parsing XDC File [e:/ZynqProject_v17/Adc9228_top_axi_v2/Adc9228_top_axi.srcs/sources_1/ip/fifo_generator_0/fifo_generator_0.xdc] for cell 'U0'
Parsing XDC File [E:/ZynqProject_v17/Adc9228_top_axi_v2/Adc9228_top_axi.runs/fifo_generator_0_synth_1/dont_touch.xdc]
Finished Parsing XDC File [E:/ZynqProject_v17/Adc9228_top_axi_v2/Adc9228_top_axi.runs/fifo_generator_0_synth_1/dont_touch.xdc]
Parsing XDC File [e:/ZynqProject_v17/Adc9228_top_axi_v2/Adc9228_top_axi.srcs/sources_1/ip/fifo_generator_0/fifo_generator_0_clocks.xdc] for cell 'U0'
Finished Parsing XDC File [e:/ZynqProject_v17/Adc9228_top_axi_v2/Adc9228_top_axi.srcs/sources_1/ip/fifo_generator_0/fifo_generator_0_clocks.xdc] for cell 'U0'
Sourcing Tcl File [E:/Vivado2017.4/Vivado/2017.4/data/ip/xpm/xpm_cdc/tcl/xpm_cdc_async_rst.tcl] for cell 'U0/inst_fifo_gen/gaxis_fifo.gaxisf.gaxis_pkt_fifo_ic.rstblk/ngwrdrst.grst.g7serrst.gnsckt_wrst.gic_rst.rst_rd_reg2_inst'
Finished Sourcing Tcl File [E:/Vivado2017.4/Vivado/2017.4/data/ip/xpm/xpm_cdc/tcl/xpm_cdc_async_rst.tcl] for cell 'U0/inst_fifo_gen/gaxis_fifo.gaxisf.gaxis_pkt_fifo_ic.rstblk/ngwrdrst.grst.g7serrst.gnsckt_wrst.gic_rst.rst_rd_reg2_inst'
Sourcing Tcl File [E:/Vivado2017.4/Vivado/2017.4/data/ip/xpm/xpm_cdc/tcl/xpm_cdc_async_rst.tcl] for cell 'U0/inst_fifo_gen/gaxis_fifo.gaxisf.gaxis_pkt_fifo_ic.rstblk/ngwrdrst.grst.g7serrst.gnsckt_wrst.rst_wr_reg2_inst'
Finished Sourcing Tcl File [E:/Vivado2017.4/Vivado/2017.4/data/ip/xpm/xpm_cdc/tcl/xpm_cdc_async_rst.tcl] for cell 'U0/inst_fifo_gen/gaxis_fifo.gaxisf.gaxis_pkt_fifo_ic.rstblk/ngwrdrst.grst.g7serrst.gnsckt_wrst.rst_wr_reg2_inst'
Sourcing Tcl File [E:/Vivado2017.4/Vivado/2017.4/data/ip/xpm/xpm_cdc/tcl/xpm_cdc_async_rst.tcl] for cell 'U0/inst_fifo_gen/reset_gen_ic.rstblk_ic/ngwrdrst.grst.g7serrst.gnsckt_wrst.gic_rst.rst_rd_reg2_inst'
Finished Sourcing Tcl File [E:/Vivado2017.4/Vivado/2017.4/data/ip/xpm/xpm_cdc/tcl/xpm_cdc_async_rst.tcl] for cell 'U0/inst_fifo_gen/reset_gen_ic.rstblk_ic/ngwrdrst.grst.g7serrst.gnsckt_wrst.gic_rst.rst_rd_reg2_inst'
Sourcing Tcl File [E:/Vivado2017.4/Vivado/2017.4/data/ip/xpm/xpm_cdc/tcl/xpm_cdc_async_rst.tcl] for cell 'U0/inst_fifo_gen/reset_gen_ic.rstblk_ic/ngwrdrst.grst.g7serrst.gnsckt_wrst.rst_wr_reg2_inst'
Finished Sourcing Tcl File [E:/Vivado2017.4/Vivado/2017.4/data/ip/xpm/xpm_cdc/tcl/xpm_cdc_async_rst.tcl] for cell 'U0/inst_fifo_gen/reset_gen_ic.rstblk_ic/ngwrdrst.grst.g7serrst.gnsckt_wrst.rst_wr_reg2_inst'
INFO: [Project 1-236] Implementation specific constraints were found while reading constraint file [E:/Vivado2017.4/Vivado/2017.4/data/ip/xpm/xpm_cdc/tcl/xpm_cdc_async_rst.tcl]. These constraints will be ignored for synthesis but will be used in implementation. Impacted constraints are listed in the file [.Xil/fifo_generator_0_propImpl.xdc].
Resolution: To avoid this warning, move constraints listed in [.Xil/fifo_generator_0_propImpl.xdc] to another XDC file and exclude this new file from synthesis with the used_in_synthesis property (File Properties dialog in GUI) and re-run elaboration/synthesis.
Sourcing Tcl File [E:/Vivado2017.4/Vivado/2017.4/data/ip/xpm/xpm_cdc/tcl/xpm_cdc_gray.tcl] for cell 'U0/inst_fifo_gen/gaxis_fifo.gaxisf.axisf/grf.rf/gntv_or_sync_fifo.gcx.clkx/rd_pntr_cdc_inst'
Finished Sourcing Tcl File [E:/Vivado2017.4/Vivado/2017.4/data/ip/xpm/xpm_cdc/tcl/xpm_cdc_gray.tcl] for cell 'U0/inst_fifo_gen/gaxis_fifo.gaxisf.axisf/grf.rf/gntv_or_sync_fifo.gcx.clkx/rd_pntr_cdc_inst'
Sourcing Tcl File [E:/Vivado2017.4/Vivado/2017.4/data/ip/xpm/xpm_cdc/tcl/xpm_cdc_gray.tcl] for cell 'U0/inst_fifo_gen/gaxis_fifo.gaxisf.axisf/grf.rf/gntv_or_sync_fifo.gcx.clkx/wr_pntr_cdc_inst'
Finished Sourcing Tcl File [E:/Vivado2017.4/Vivado/2017.4/data/ip/xpm/xpm_cdc/tcl/xpm_cdc_gray.tcl] for cell 'U0/inst_fifo_gen/gaxis_fifo.gaxisf.axisf/grf.rf/gntv_or_sync_fifo.gcx.clkx/wr_pntr_cdc_inst'
Sourcing Tcl File [E:/Vivado2017.4/Vivado/2017.4/data/ip/xpm/xpm_cdc/tcl/xpm_cdc_gray.tcl] for cell 'U0/inst_fifo_gen/gaxis_fifo.gaxisf.gaxis_pkt_fifo_ic.pkt_rd_stg_inst'
Finished Sourcing Tcl File [E:/Vivado2017.4/Vivado/2017.4/data/ip/xpm/xpm_cdc/tcl/xpm_cdc_gray.tcl] for cell 'U0/inst_fifo_gen/gaxis_fifo.gaxisf.gaxis_pkt_fifo_ic.pkt_rd_stg_inst'
INFO: [Project 1-236] Implementation specific constraints were found while reading constraint file [E:/Vivado2017.4/Vivado/2017.4/data/ip/xpm/xpm_cdc/tcl/xpm_cdc_gray.tcl]. These constraints will be ignored for synthesis but will be used in implementation. Impacted constraints are listed in the file [.Xil/fifo_generator_0_propImpl.xdc].
Resolution: To avoid this warning, move constraints listed in [.Xil/fifo_generator_0_propImpl.xdc] to another XDC file and exclude this new file from synthesis with the used_in_synthesis property (File Properties dialog in GUI) and re-run elaboration/synthesis.
Sourcing Tcl File [E:/Vivado2017.4/Vivado/2017.4/data/ip/xpm/xpm_cdc/tcl/xpm_cdc_single.tcl] for cell 'U0/inst_fifo_gen/gaxis_fifo.gaxisf.gaxis_pkt_fifo_ic.rstblk/ngwrdrst.grst.g7serrst.gnsckt_wrst.gic_rst.xpm_cdc_single_inst_rrst_wr'
Finished Sourcing Tcl File [E:/Vivado2017.4/Vivado/2017.4/data/ip/xpm/xpm_cdc/tcl/xpm_cdc_single.tcl] for cell 'U0/inst_fifo_gen/gaxis_fifo.gaxisf.gaxis_pkt_fifo_ic.rstblk/ngwrdrst.grst.g7serrst.gnsckt_wrst.gic_rst.xpm_cdc_single_inst_rrst_wr'
Sourcing Tcl File [E:/Vivado2017.4/Vivado/2017.4/data/ip/xpm/xpm_cdc/tcl/xpm_cdc_single.tcl] for cell 'U0/inst_fifo_gen/gaxis_fifo.gaxisf.gaxis_pkt_fifo_ic.rstblk/ngwrdrst.grst.g7serrst.gnsckt_wrst.gic_rst.xpm_cdc_single_inst_wrst_rd'
Finished Sourcing Tcl File [E:/Vivado2017.4/Vivado/2017.4/data/ip/xpm/xpm_cdc/tcl/xpm_cdc_single.tcl] for cell 'U0/inst_fifo_gen/gaxis_fifo.gaxisf.gaxis_pkt_fifo_ic.rstblk/ngwrdrst.grst.g7serrst.gnsckt_wrst.gic_rst.xpm_cdc_single_inst_wrst_rd'
Sourcing Tcl File [E:/Vivado2017.4/Vivado/2017.4/data/ip/xpm/xpm_cdc/tcl/xpm_cdc_single.tcl] for cell 'U0/inst_fifo_gen/reset_gen_ic.rstblk_ic/ngwrdrst.grst.g7serrst.gnsckt_wrst.gic_rst.xpm_cdc_single_inst_rrst_wr'
Finished Sourcing Tcl File [E:/Vivado2017.4/Vivado/2017.4/data/ip/xpm/xpm_cdc/tcl/xpm_cdc_single.tcl] for cell 'U0/inst_fifo_gen/reset_gen_ic.rstblk_ic/ngwrdrst.grst.g7serrst.gnsckt_wrst.gic_rst.xpm_cdc_single_inst_rrst_wr'
Sourcing Tcl File [E:/Vivado2017.4/Vivado/2017.4/data/ip/xpm/xpm_cdc/tcl/xpm_cdc_single.tcl] for cell 'U0/inst_fifo_gen/reset_gen_ic.rstblk_ic/ngwrdrst.grst.g7serrst.gnsckt_wrst.gic_rst.xpm_cdc_single_inst_wrst_rd'
Finished Sourcing Tcl File [E:/Vivado2017.4/Vivado/2017.4/data/ip/xpm/xpm_cdc/tcl/xpm_cdc_single.tcl] for cell 'U0/inst_fifo_gen/reset_gen_ic.rstblk_ic/ngwrdrst.grst.g7serrst.gnsckt_wrst.gic_rst.xpm_cdc_single_inst_wrst_rd'
Sourcing Tcl File [E:/Vivado2017.4/Vivado/2017.4/data/ip/xpm/xpm_cdc/tcl/xpm_cdc_single.tcl] for cell 'U0/inst_fifo_gen/gaxis_fifo.gaxisf.axisf/grf.rf/rstblk/ngwrdrst.grst.g7serrst.gsckt_wrst.gic_rst.xpm_cdc_single_inst_rrst_wr'
Finished Sourcing Tcl File [E:/Vivado2017.4/Vivado/2017.4/data/ip/xpm/xpm_cdc/tcl/xpm_cdc_single.tcl] for cell 'U0/inst_fifo_gen/gaxis_fifo.gaxisf.axisf/grf.rf/rstblk/ngwrdrst.grst.g7serrst.gsckt_wrst.gic_rst.xpm_cdc_single_inst_rrst_wr'
Sourcing Tcl File [E:/Vivado2017.4/Vivado/2017.4/data/ip/xpm/xpm_cdc/tcl/xpm_cdc_single.tcl] for cell 'U0/inst_fifo_gen/gaxis_fifo.gaxisf.axisf/grf.rf/rstblk/ngwrdrst.grst.g7serrst.gsckt_wrst.gic_rst.xpm_cdc_single_inst_wrst_rd'
Finished Sourcing Tcl File [E:/Vivado2017.4/Vivado/2017.4/data/ip/xpm/xpm_cdc/tcl/xpm_cdc_single.tcl] for cell 'U0/inst_fifo_gen/gaxis_fifo.gaxisf.axisf/grf.rf/rstblk/ngwrdrst.grst.g7serrst.gsckt_wrst.gic_rst.xpm_cdc_single_inst_wrst_rd'
Sourcing Tcl File [E:/Vivado2017.4/Vivado/2017.4/data/ip/xpm/xpm_cdc/tcl/xpm_cdc_single.tcl] for cell 'U0/inst_fifo_gen/gaxis_fifo.gaxisf.gaxis_pkt_fifo_ic.af_rd_stg_inst'
Finished Sourcing Tcl File [E:/Vivado2017.4/Vivado/2017.4/data/ip/xpm/xpm_cdc/tcl/xpm_cdc_single.tcl] for cell 'U0/inst_fifo_gen/gaxis_fifo.gaxisf.gaxis_pkt_fifo_ic.af_rd_stg_inst'
INFO: [Project 1-236] Implementation specific constraints were found while reading constraint file [E:/Vivado2017.4/Vivado/2017.4/data/ip/xpm/xpm_cdc/tcl/xpm_cdc_single.tcl]. These constraints will be ignored for synthesis but will be used in implementation. Impacted constraints are listed in the file [.Xil/fifo_generator_0_propImpl.xdc].
Resolution: To avoid this warning, move constraints listed in [.Xil/fifo_generator_0_propImpl.xdc] to another XDC file and exclude this new file from synthesis with the used_in_synthesis property (File Properties dialog in GUI) and re-run elaboration/synthesis.
Sourcing Tcl File [E:/Vivado2017.4/Vivado/2017.4/data/ip/xpm/xpm_cdc/tcl/xpm_cdc_sync_rst.tcl] for cell 'U0/inst_fifo_gen/gaxis_fifo.gaxisf.axisf/grf.rf/rstblk/ngwrdrst.grst.g7serrst.gsckt_wrst.gic_rst.xpm_cdc_sync_rst_inst_wrst'
Finished Sourcing Tcl File [E:/Vivado2017.4/Vivado/2017.4/data/ip/xpm/xpm_cdc/tcl/xpm_cdc_sync_rst.tcl] for cell 'U0/inst_fifo_gen/gaxis_fifo.gaxisf.axisf/grf.rf/rstblk/ngwrdrst.grst.g7serrst.gsckt_wrst.gic_rst.xpm_cdc_sync_rst_inst_wrst'
Sourcing Tcl File [E:/Vivado2017.4/Vivado/2017.4/data/ip/xpm/xpm_cdc/tcl/xpm_cdc_sync_rst.tcl] for cell 'U0/inst_fifo_gen/gaxis_fifo.gaxisf.axisf/grf.rf/rstblk/ngwrdrst.grst.g7serrst.gsckt_wrst.xpm_cdc_sync_rst_inst_wrst'
Finished Sourcing Tcl File [E:/Vivado2017.4/Vivado/2017.4/data/ip/xpm/xpm_cdc/tcl/xpm_cdc_sync_rst.tcl] for cell 'U0/inst_fifo_gen/gaxis_fifo.gaxisf.axisf/grf.rf/rstblk/ngwrdrst.grst.g7serrst.gsckt_wrst.xpm_cdc_sync_rst_inst_wrst'
Completed Processing XDC Constraints

INFO: [Project 1-111] Unisim Transformation Summary:
No Unisim elements were transformed.

Constraint Validation Runtime : Time (s): cpu = 00:00:00 ; elapsed = 00:00:00.010 . Memory (MB): peak = 874.859 ; gain = 0.000
---------------------------------------------------------------------------------
Finished Constraint Validation : Time (s): cpu = 00:01:04 ; elapsed = 00:01:05 . Memory (MB): peak = 874.859 ; gain = 488.668
---------------------------------------------------------------------------------
---------------------------------------------------------------------------------
Start Loading Part and Timing Information
---------------------------------------------------------------------------------
Loading part: xc7z020clg400-1
---------------------------------------------------------------------------------
Finished Loading Part and Timing Information : Time (s): cpu = 00:01:04 ; elapsed = 00:01:05 . Memory (MB): peak = 874.859 ; gain = 488.668
---------------------------------------------------------------------------------
---------------------------------------------------------------------------------
Start Applying 'set_property' XDC Constraints
---------------------------------------------------------------------------------
Applied set_property DONT_TOUCH = true for U0. (constraint file  E:/ZynqProject_v17/Adc9228_top_axi_v2/Adc9228_top_axi.runs/fifo_generator_0_synth_1/dont_touch.xdc, line 9).
Applied set_property DONT_TOUCH = true for U0/inst_fifo_gen/\gaxis_fifo.gaxisf.axisf /\grf.rf /\gntv_or_sync_fifo.gcx.clkx /rd_pntr_cdc_inst. (constraint file  auto generated constraint, line ).
Applied set_property DONT_TOUCH = true for U0/inst_fifo_gen/\gaxis_fifo.gaxisf.axisf /\grf.rf /\gntv_or_sync_fifo.gcx.clkx /wr_pntr_cdc_inst. (constraint file  auto generated constraint, line ).
Applied set_property DONT_TOUCH = true for U0/inst_fifo_gen/\gaxis_fifo.gaxisf.axisf /\grf.rf /rstblk/\ngwrdrst.grst.g7serrst.gsckt_wrst.gic_rst.xpm_cdc_single_inst_rrst_wr . (constraint file  auto generated constraint, line ).
Applied set_property DONT_TOUCH = true for U0/inst_fifo_gen/\gaxis_fifo.gaxisf.axisf /\grf.rf /rstblk/\ngwrdrst.grst.g7serrst.gsckt_wrst.gic_rst.xpm_cdc_single_inst_wrst_rd . (constraint file  auto generated constraint, line ).
Applied set_property DONT_TOUCH = true for U0/inst_fifo_gen/\gaxis_fifo.gaxisf.axisf /\grf.rf /rstblk/\ngwrdrst.grst.g7serrst.gsckt_wrst.gic_rst.xpm_cdc_sync_rst_inst_wrst . (constraint file  auto generated constraint, line ).
Applied set_property DONT_TOUCH = true for U0/inst_fifo_gen/\gaxis_fifo.gaxisf.axisf /\grf.rf /rstblk/\ngwrdrst.grst.g7serrst.gsckt_wrst.xpm_cdc_sync_rst_inst_wrst . (constraint file  auto generated constraint, line ).
Applied set_property DONT_TOUCH = true for U0/inst_fifo_gen/\gaxis_fifo.gaxisf.gaxis_pkt_fifo_ic.af_rd_stg_inst . (constraint file  auto generated constraint, line ).
Applied set_property DONT_TOUCH = true for U0/inst_fifo_gen/\gaxis_fifo.gaxisf.gaxis_pkt_fifo_ic.pkt_rd_stg_inst . (constraint file  auto generated constraint, line ).
Applied set_property DONT_TOUCH = true for U0/inst_fifo_gen/\gaxis_fifo.gaxisf.gaxis_pkt_fifo_ic.rstblk /\ngwrdrst.grst.g7serrst.gnsckt_wrst.gic_rst.rst_rd_reg2_inst . (constraint file  auto generated constraint, line ).
Applied set_property DONT_TOUCH = true for U0/inst_fifo_gen/\gaxis_fifo.gaxisf.gaxis_pkt_fifo_ic.rstblk /\ngwrdrst.grst.g7serrst.gnsckt_wrst.gic_rst.xpm_cdc_single_inst_rrst_wr . (constraint file  auto generated constraint, line ).
Applied set_property DONT_TOUCH = true for U0/inst_fifo_gen/\gaxis_fifo.gaxisf.gaxis_pkt_fifo_ic.rstblk /\ngwrdrst.grst.g7serrst.gnsckt_wrst.gic_rst.xpm_cdc_single_inst_wrst_rd . (constraint file  auto generated constraint, line ).
Applied set_property DONT_TOUCH = true for U0/inst_fifo_gen/\gaxis_fifo.gaxisf.gaxis_pkt_fifo_ic.rstblk /\ngwrdrst.grst.g7serrst.gnsckt_wrst.rst_wr_reg2_inst . (constraint file  auto generated constraint, line ).
Applied set_property DONT_TOUCH = true for U0/inst_fifo_gen/\reset_gen_ic.rstblk_ic /\ngwrdrst.grst.g7serrst.gnsckt_wrst.gic_rst.rst_rd_reg2_inst . (constraint file  auto generated constraint, line ).
Applied set_property DONT_TOUCH = true for U0/inst_fifo_gen/\reset_gen_ic.rstblk_ic /\ngwrdrst.grst.g7serrst.gnsckt_wrst.gic_rst.xpm_cdc_single_inst_rrst_wr . (constraint file  auto generated constraint, line ).
Applied set_property DONT_TOUCH = true for U0/inst_fifo_gen/\reset_gen_ic.rstblk_ic /\ngwrdrst.grst.g7serrst.gnsckt_wrst.gic_rst.xpm_cdc_single_inst_wrst_rd . (constraint file  auto generated constraint, line ).
Applied set_property DONT_TOUCH = true for U0/inst_fifo_gen/\reset_gen_ic.rstblk_ic /\ngwrdrst.grst.g7serrst.gnsckt_wrst.rst_wr_reg2_inst . (constraint file  auto generated constraint, line ).
---------------------------------------------------------------------------------
Finished applying 'set_property' XDC Constraints : Time (s): cpu = 00:01:04 ; elapsed = 00:01:05 . Memory (MB): peak = 874.859 ; gain = 488.668
---------------------------------------------------------------------------------
INFO: [Synth 8-5544] ROM "leaving_empty_fwft" won't be mapped to Block RAM because address size (2) smaller than threshold (5)
---------------------------------------------------------------------------------
Finished RTL Optimization Phase 2 : Time (s): cpu = 00:01:05 ; elapsed = 00:01:06 . Memory (MB): peak = 874.859 ; gain = 488.668
---------------------------------------------------------------------------------

Report RTL Partitions: 
+-+--------------+------------+----------+
| |RTL Partition |Replication |Instances |
+-+--------------+------------+----------+
+-+--------------+------------+----------+
---------------------------------------------------------------------------------
Start RTL Component Statistics 
---------------------------------------------------------------------------------
Detailed RTL Component Info : 
+---Adders : 
	   2 Input     12 Bit       Adders := 1     
	   2 Input     11 Bit       Adders := 4     
+---XORs : 
	   2 Input     11 Bit         XORs := 3     
	   2 Input      1 Bit         XORs := 89    
+---Registers : 
	               21 Bit    Registers := 1     
	               12 Bit    Registers := 1     
	               11 Bit    Registers := 20    
	                5 Bit    Registers := 8     
	                4 Bit    Registers := 7     
	                2 Bit    Registers := 9     
	                1 Bit    Registers := 46    
+---Muxes : 
	   2 Input      2 Bit        Muxes := 4     
	   5 Input      2 Bit        Muxes := 1     
	   2 Input      1 Bit        Muxes := 9     
	   3 Input      1 Bit        Muxes := 1     
	   4 Input      1 Bit        Muxes := 2     
---------------------------------------------------------------------------------
Finished RTL Component Statistics 
---------------------------------------------------------------------------------
---------------------------------------------------------------------------------
Start RTL Hierarchical Component Statistics 
---------------------------------------------------------------------------------
Hierarchical RTL Component report 
Module xpm_cdc_async_rst 
Detailed RTL Component Info : 
+---Registers : 
	                2 Bit    Registers := 1     
Module xpm_cdc_single 
Detailed RTL Component Info : 
+---Registers : 
	                4 Bit    Registers := 1     
Module reset_blk_ramfifo 
Detailed RTL Component Info : 
+---Registers : 
	                4 Bit    Registers := 1     
	                2 Bit    Registers := 1     
	                1 Bit    Registers := 6     
Module xpm_cdc_sync_rst 
Detailed RTL Component Info : 
+---Registers : 
	                5 Bit    Registers := 1     
Module xpm_cdc_single__parameterized0 
Detailed RTL Component Info : 
+---Registers : 
	                5 Bit    Registers := 1     
Module reset_blk_ramfifo__parameterized0 
Detailed RTL Component Info : 
+---Registers : 
	                4 Bit    Registers := 1     
	                2 Bit    Registers := 1     
	                1 Bit    Registers := 6     
+---Muxes : 
	   2 Input      1 Bit        Muxes := 1     
Module blk_mem_gen_prim_width 
Detailed RTL Component Info : 
+---XORs : 
	   2 Input      1 Bit         XORs := 2     
+---Registers : 
	                5 Bit    Registers := 2     
	                1 Bit    Registers := 8     
Module blk_mem_gen_prim_width__parameterized0 
Detailed RTL Component Info : 
+---XORs : 
	   2 Input      1 Bit         XORs := 2     
+---Registers : 
	                5 Bit    Registers := 2     
	                1 Bit    Registers := 8     
Module memory 
Detailed RTL Component Info : 
+---Registers : 
	               21 Bit    Registers := 1     
Module xpm_cdc_gray 
Detailed RTL Component Info : 
+---XORs : 
	   2 Input     11 Bit         XORs := 1     
	   2 Input      1 Bit         XORs := 10    
+---Registers : 
	               11 Bit    Registers := 4     
Module rd_bin_cntr 
Detailed RTL Component Info : 
+---Adders : 
	   2 Input     11 Bit       Adders := 1     
+---Registers : 
	               11 Bit    Registers := 2     
Module compare 
Detailed RTL Component Info : 
+---XORs : 
	   2 Input      1 Bit         XORs := 11    
Module rd_status_flags_as 
Detailed RTL Component Info : 
+---Registers : 
	                1 Bit    Registers := 2     
+---Muxes : 
	   2 Input      1 Bit        Muxes := 1     
Module rd_fwft 
Detailed RTL Component Info : 
+---Registers : 
	                2 Bit    Registers := 1     
	                1 Bit    Registers := 6     
+---Muxes : 
	   2 Input      2 Bit        Muxes := 4     
	   5 Input      2 Bit        Muxes := 1     
	   3 Input      1 Bit        Muxes := 1     
	   2 Input      1 Bit        Muxes := 5     
	   4 Input      1 Bit        Muxes := 2     
Module wr_bin_cntr 
Detailed RTL Component Info : 
+---Adders : 
	   2 Input     11 Bit       Adders := 1     
+---Registers : 
	               11 Bit    Registers := 4     
Module wr_status_flags_as 
Detailed RTL Component Info : 
+---Registers : 
	                1 Bit    Registers := 3     
+---Muxes : 
	   2 Input      1 Bit        Muxes := 1     
Module xpm_cdc_single__parameterized1 
Detailed RTL Component Info : 
+---Registers : 
	                2 Bit    Registers := 1     
Module reset_blk_ramfifo__xdcDup__1 
Detailed RTL Component Info : 
+---Registers : 
	                4 Bit    Registers := 1     
	                2 Bit    Registers := 1     
	                1 Bit    Registers := 6     
Module fifo_generator_v13_2_1_synth 
Detailed RTL Component Info : 
+---Adders : 
	   2 Input     12 Bit       Adders := 1     
	   2 Input     11 Bit       Adders := 2     
+---Registers : 
	               12 Bit    Registers := 1     
	               11 Bit    Registers := 2     
	                1 Bit    Registers := 1     
+---Muxes : 
	   2 Input      1 Bit        Muxes := 1     
---------------------------------------------------------------------------------
Finished RTL Hierarchical Component Statistics
---------------------------------------------------------------------------------
---------------------------------------------------------------------------------
Start Part Resource Summary
---------------------------------------------------------------------------------
Part Resources:
DSPs: 220 (col length:60)
BRAMs: 280 (col length: RAMB18 60 RAMB36 30)
---------------------------------------------------------------------------------
Finished Part Resource Summary
---------------------------------------------------------------------------------
---------------------------------------------------------------------------------
Start Cross Boundary and Area Optimization
---------------------------------------------------------------------------------
WARNING: [Synth 8-3332] Sequential element (inst_fifo_gen/gaxis_fifo.gaxisf.gaxis_pkt_fifo_ic.diff_pkt_cnt_pad_reg[0]) is unused and will be removed from module fifo_generator_v13_2_1.
INFO: [Synth 8-3886] merging instance 'U0/inst_fifo_gen/gaxis_fifo.gaxisf.axisf/grf.rf/gntv_or_sync_fifo.mem/gbm.gbmg.gbmga.ngecc.bmg/inst_blk_mem_gen/gnbram.gnativebmg.native_blk_mem_gen/valid.cstr/ramloop[0].ram.r/SAFETY_CKT_GEN.RSTB_SHFT_REG_reg[0]' (FDS) to 'U0/inst_fifo_gen/gaxis_fifo.gaxisf.axisf/grf.rf/gntv_or_sync_fifo.mem/gbm.gbmg.gbmga.ngecc.bmg/inst_blk_mem_gen/gnbram.gnativebmg.native_blk_mem_gen/valid.cstr/ramloop[1].ram.r/SAFETY_CKT_GEN.RSTB_SHFT_REG_reg[0]'
INFO: [Synth 8-3886] merging instance 'U0/inst_fifo_gen/gaxis_fifo.gaxisf.axisf/grf.rf/gntv_or_sync_fifo.mem/gbm.gbmg.gbmga.ngecc.bmg/inst_blk_mem_gen/gnbram.gnativebmg.native_blk_mem_gen/valid.cstr/ramloop[0].ram.r/SAFETY_CKT_GEN.RSTA_SHFT_REG_reg[0]' (FDS) to 'U0/inst_fifo_gen/gaxis_fifo.gaxisf.axisf/grf.rf/gntv_or_sync_fifo.mem/gbm.gbmg.gbmga.ngecc.bmg/inst_blk_mem_gen/gnbram.gnativebmg.native_blk_mem_gen/valid.cstr/ramloop[1].ram.r/SAFETY_CKT_GEN.RSTA_SHFT_REG_reg[0]'
INFO: [Synth 8-3886] merging instance 'U0/inst_fifo_gen/gaxis_fifo.gaxisf.axisf/grf.rf/gntv_or_sync_fifo.mem/gbm.gbmg.gbmga.ngecc.bmg/inst_blk_mem_gen/gnbram.gnativebmg.native_blk_mem_gen/valid.cstr/ramloop[0].ram.r/SAFETY_CKT_GEN.RSTB_SHFT_REG_reg[1]' (FD) to 'U0/inst_fifo_gen/gaxis_fifo.gaxisf.axisf/grf.rf/gntv_or_sync_fifo.mem/gbm.gbmg.gbmga.ngecc.bmg/inst_blk_mem_gen/gnbram.gnativebmg.native_blk_mem_gen/valid.cstr/ramloop[1].ram.r/SAFETY_CKT_GEN.RSTB_SHFT_REG_reg[1]'
INFO: [Synth 8-3886] merging instance 'U0/inst_fifo_gen/gaxis_fifo.gaxisf.axisf/grf.rf/gntv_or_sync_fifo.mem/gbm.gbmg.gbmga.ngecc.bmg/inst_blk_mem_gen/gnbram.gnativebmg.native_blk_mem_gen/valid.cstr/ramloop[0].ram.r/SAFETY_CKT_GEN.RSTA_SHFT_REG_reg[1]' (FD) to 'U0/inst_fifo_gen/gaxis_fifo.gaxisf.axisf/grf.rf/gntv_or_sync_fifo.mem/gbm.gbmg.gbmga.ngecc.bmg/inst_blk_mem_gen/gnbram.gnativebmg.native_blk_mem_gen/valid.cstr/ramloop[1].ram.r/SAFETY_CKT_GEN.RSTA_SHFT_REG_reg[1]'
INFO: [Synth 8-3886] merging instance 'U0/inst_fifo_gen/gaxis_fifo.gaxisf.axisf/grf.rf/gntv_or_sync_fifo.mem/gbm.gbmg.gbmga.ngecc.bmg/inst_blk_mem_gen/gnbram.gnativebmg.native_blk_mem_gen/valid.cstr/ramloop[0].ram.r/SAFETY_CKT_GEN.RSTB_SHFT_REG_reg[2]' (FD) to 'U0/inst_fifo_gen/gaxis_fifo.gaxisf.axisf/grf.rf/gntv_or_sync_fifo.mem/gbm.gbmg.gbmga.ngecc.bmg/inst_blk_mem_gen/gnbram.gnativebmg.native_blk_mem_gen/valid.cstr/ramloop[1].ram.r/SAFETY_CKT_GEN.RSTB_SHFT_REG_reg[2]'
INFO: [Synth 8-3886] merging instance 'U0/inst_fifo_gen/gaxis_fifo.gaxisf.axisf/grf.rf/gntv_or_sync_fifo.mem/gbm.gbmg.gbmga.ngecc.bmg/inst_blk_mem_gen/gnbram.gnativebmg.native_blk_mem_gen/valid.cstr/ramloop[0].ram.r/SAFETY_CKT_GEN.RSTA_SHFT_REG_reg[2]' (FD) to 'U0/inst_fifo_gen/gaxis_fifo.gaxisf.axisf/grf.rf/gntv_or_sync_fifo.mem/gbm.gbmg.gbmga.ngecc.bmg/inst_blk_mem_gen/gnbram.gnativebmg.native_blk_mem_gen/valid.cstr/ramloop[1].ram.r/SAFETY_CKT_GEN.RSTA_SHFT_REG_reg[2]'
INFO: [Synth 8-3886] merging instance 'U0/inst_fifo_gen/gaxis_fifo.gaxisf.axisf/grf.rf/gntv_or_sync_fifo.mem/gbm.gbmg.gbmga.ngecc.bmg/inst_blk_mem_gen/gnbram.gnativebmg.native_blk_mem_gen/valid.cstr/ramloop[0].ram.r/SAFETY_CKT_GEN.RSTB_SHFT_REG_reg[3]' (FD) to 'U0/inst_fifo_gen/gaxis_fifo.gaxisf.axisf/grf.rf/gntv_or_sync_fifo.mem/gbm.gbmg.gbmga.ngecc.bmg/inst_blk_mem_gen/gnbram.gnativebmg.native_blk_mem_gen/valid.cstr/ramloop[1].ram.r/SAFETY_CKT_GEN.RSTB_SHFT_REG_reg[3]'
INFO: [Synth 8-3886] merging instance 'U0/inst_fifo_gen/gaxis_fifo.gaxisf.axisf/grf.rf/gntv_or_sync_fifo.mem/gbm.gbmg.gbmga.ngecc.bmg/inst_blk_mem_gen/gnbram.gnativebmg.native_blk_mem_gen/valid.cstr/ramloop[0].ram.r/SAFETY_CKT_GEN.RSTA_SHFT_REG_reg[3]' (FD) to 'U0/inst_fifo_gen/gaxis_fifo.gaxisf.axisf/grf.rf/gntv_or_sync_fifo.mem/gbm.gbmg.gbmga.ngecc.bmg/inst_blk_mem_gen/gnbram.gnativebmg.native_blk_mem_gen/valid.cstr/ramloop[1].ram.r/SAFETY_CKT_GEN.RSTA_SHFT_REG_reg[3]'
INFO: [Synth 8-3886] merging instance 'U0/inst_fifo_gen/gaxis_fifo.gaxisf.axisf/grf.rf/gntv_or_sync_fifo.mem/gbm.gbmg.gbmga.ngecc.bmg/inst_blk_mem_gen/gnbram.gnativebmg.native_blk_mem_gen/valid.cstr/ramloop[0].ram.r/SAFETY_CKT_GEN.RSTB_SHFT_REG_reg[4]' (FD) to 'U0/inst_fifo_gen/gaxis_fifo.gaxisf.axisf/grf.rf/gntv_or_sync_fifo.mem/gbm.gbmg.gbmga.ngecc.bmg/inst_blk_mem_gen/gnbram.gnativebmg.native_blk_mem_gen/valid.cstr/ramloop[1].ram.r/SAFETY_CKT_GEN.RSTB_SHFT_REG_reg[4]'
INFO: [Synth 8-3886] merging instance 'U0/inst_fifo_gen/gaxis_fifo.gaxisf.axisf/grf.rf/gntv_or_sync_fifo.mem/gbm.gbmg.gbmga.ngecc.bmg/inst_blk_mem_gen/gnbram.gnativebmg.native_blk_mem_gen/valid.cstr/ramloop[0].ram.r/SAFETY_CKT_GEN.RSTA_SHFT_REG_reg[4]' (FD) to 'U0/inst_fifo_gen/gaxis_fifo.gaxisf.axisf/grf.rf/gntv_or_sync_fifo.mem/gbm.gbmg.gbmga.ngecc.bmg/inst_blk_mem_gen/gnbram.gnativebmg.native_blk_mem_gen/valid.cstr/ramloop[1].ram.r/SAFETY_CKT_GEN.RSTA_SHFT_REG_reg[4]'
---------------------------------------------------------------------------------
Finished Cross Boundary and Area Optimization : Time (s): cpu = 00:01:06 ; elapsed = 00:01:07 . Memory (MB): peak = 874.859 ; gain = 488.668
---------------------------------------------------------------------------------

Report RTL Partitions: 
+-+--------------+------------+----------+
| |RTL Partition |Replication |Instances |
+-+--------------+------------+----------+
+-+--------------+------------+----------+
---------------------------------------------------------------------------------
Start Applying XDC Timing Constraints
---------------------------------------------------------------------------------
---------------------------------------------------------------------------------
Finished Applying XDC Timing Constraints : Time (s): cpu = 00:01:13 ; elapsed = 00:01:14 . Memory (MB): peak = 904.887 ; gain = 518.695
---------------------------------------------------------------------------------
---------------------------------------------------------------------------------
Start Timing Optimization
---------------------------------------------------------------------------------
---------------------------------------------------------------------------------
Finished Timing Optimization : Time (s): cpu = 00:01:13 ; elapsed = 00:01:14 . Memory (MB): peak = 926.230 ; gain = 540.039
---------------------------------------------------------------------------------

Report RTL Partitions: 
+-+--------------+------------+----------+
| |RTL Partition |Replication |Instances |
+-+--------------+------------+----------+
+-+--------------+------------+----------+
---------------------------------------------------------------------------------
Start Technology Mapping
---------------------------------------------------------------------------------
INFO: [Synth 8-3886] merging instance 'U0/inst_fifo_gen/gaxis_fifo.gaxisf.axisf/grf.rf/gntv_or_sync_fifo.mem/gbm.gbmg.gbmga.ngecc.bmg/inst_blk_mem_gen/gnbram.gnativebmg.native_blk_mem_gen/valid.cstr/ramloop[0].ram.r/SAFETY_CKT_GEN.POR_B_reg' (FD) to 'U0/inst_fifo_gen/gaxis_fifo.gaxisf.axisf/grf.rf/gntv_or_sync_fifo.mem/gbm.gbmg.gbmga.ngecc.bmg/inst_blk_mem_gen/gnbram.gnativebmg.native_blk_mem_gen/valid.cstr/ramloop[1].ram.r/SAFETY_CKT_GEN.POR_B_reg'
INFO: [Synth 8-3886] merging instance 'U0/inst_fifo_gen/gaxis_fifo.gaxisf.axisf/grf.rf/gntv_or_sync_fifo.mem/gbm.gbmg.gbmga.ngecc.bmg/inst_blk_mem_gen/gnbram.gnativebmg.native_blk_mem_gen/valid.cstr/ramloop[0].ram.r/SAFETY_CKT_GEN.POR_A_reg' (FD) to 'U0/inst_fifo_gen/gaxis_fifo.gaxisf.axisf/grf.rf/gntv_or_sync_fifo.mem/gbm.gbmg.gbmga.ngecc.bmg/inst_blk_mem_gen/gnbram.gnativebmg.native_blk_mem_gen/valid.cstr/ramloop[1].ram.r/SAFETY_CKT_GEN.POR_A_reg'
INFO: [Synth 8-3886] merging instance 'U0/inst_fifo_gen/gaxis_fifo.gaxisf.axisf/grf.rf/gntv_or_sync_fifo.mem/gbm.gbmg.gbmga.ngecc.bmg/inst_blk_mem_gen/gnbram.gnativebmg.native_blk_mem_gen/valid.cstr/ramloop[0].ram.r/SAFETY_CKT_GEN.ENB_NO_REG.ENB_dly_reg' (FD) to 'U0/inst_fifo_gen/gaxis_fifo.gaxisf.axisf/grf.rf/gntv_or_sync_fifo.mem/gbm.gbmg.gbmga.ngecc.bmg/inst_blk_mem_gen/gnbram.gnativebmg.native_blk_mem_gen/valid.cstr/ramloop[1].ram.r/SAFETY_CKT_GEN.ENB_NO_REG.ENB_dly_reg'
INFO: [Synth 8-3886] merging instance 'U0/inst_fifo_gen/gaxis_fifo.gaxisf.axisf/grf.rf/gntv_or_sync_fifo.mem/gbm.gbmg.gbmga.ngecc.bmg/inst_blk_mem_gen/gnbram.gnativebmg.native_blk_mem_gen/valid.cstr/ramloop[0].ram.r/SAFETY_CKT_GEN.ENA_NO_REG.ENA_dly_reg' (FD) to 'U0/inst_fifo_gen/gaxis_fifo.gaxisf.axisf/grf.rf/gntv_or_sync_fifo.mem/gbm.gbmg.gbmga.ngecc.bmg/inst_blk_mem_gen/gnbram.gnativebmg.native_blk_mem_gen/valid.cstr/ramloop[1].ram.r/SAFETY_CKT_GEN.ENA_NO_REG.ENA_dly_reg'
INFO: [Synth 8-3886] merging instance 'U0/inst_fifo_gen/gaxis_fifo.gaxisf.axisf/grf.rf/gntv_or_sync_fifo.mem/gbm.gbmg.gbmga.ngecc.bmg/inst_blk_mem_gen/gnbram.gnativebmg.native_blk_mem_gen/valid.cstr/ramloop[0].ram.r/SAFETY_CKT_GEN.ENB_NO_REG.ENB_dly_D_reg' (FD) to 'U0/inst_fifo_gen/gaxis_fifo.gaxisf.axisf/grf.rf/gntv_or_sync_fifo.mem/gbm.gbmg.gbmga.ngecc.bmg/inst_blk_mem_gen/gnbram.gnativebmg.native_blk_mem_gen/valid.cstr/ramloop[1].ram.r/SAFETY_CKT_GEN.ENB_NO_REG.ENB_dly_D_reg'
INFO: [Synth 8-3886] merging instance 'U0/inst_fifo_gen/gaxis_fifo.gaxisf.axisf/grf.rf/gntv_or_sync_fifo.mem/gbm.gbmg.gbmga.ngecc.bmg/inst_blk_mem_gen/gnbram.gnativebmg.native_blk_mem_gen/valid.cstr/ramloop[0].ram.r/SAFETY_CKT_GEN.ENA_NO_REG.ENA_dly_D_reg' (FD) to 'U0/inst_fifo_gen/gaxis_fifo.gaxisf.axisf/grf.rf/gntv_or_sync_fifo.mem/gbm.gbmg.gbmga.ngecc.bmg/inst_blk_mem_gen/gnbram.gnativebmg.native_blk_mem_gen/valid.cstr/ramloop[1].ram.r/SAFETY_CKT_GEN.ENA_NO_REG.ENA_dly_D_reg'
---------------------------------------------------------------------------------
Finished Technology Mapping : Time (s): cpu = 00:01:13 ; elapsed = 00:01:15 . Memory (MB): peak = 927.574 ; gain = 541.383
---------------------------------------------------------------------------------

Report RTL Partitions: 
+-+--------------+------------+----------+
| |RTL Partition |Replication |Instances |
+-+--------------+------------+----------+
+-+--------------+------------+----------+
---------------------------------------------------------------------------------
Start IO Insertion
---------------------------------------------------------------------------------
---------------------------------------------------------------------------------
Start Flattening Before IO Insertion
---------------------------------------------------------------------------------
---------------------------------------------------------------------------------
Finished Flattening Before IO Insertion
---------------------------------------------------------------------------------
---------------------------------------------------------------------------------
Start Final Netlist Cleanup
---------------------------------------------------------------------------------
---------------------------------------------------------------------------------
Finished Final Netlist Cleanup
---------------------------------------------------------------------------------
---------------------------------------------------------------------------------
Finished IO Insertion : Time (s): cpu = 00:01:14 ; elapsed = 00:01:15 . Memory (MB): peak = 927.574 ; gain = 541.383
---------------------------------------------------------------------------------

Report Check Netlist: 
+------+------------------+-------+---------+-------+------------------+
|      |Item              |Errors |Warnings |Status |Description       |
+------+------------------+-------+---------+-------+------------------+
|1     |multi_driven_nets |      0|        0|Passed |Multi driven nets |
+------+------------------+-------+---------+-------+------------------+
---------------------------------------------------------------------------------
Start Renaming Generated Instances
---------------------------------------------------------------------------------
---------------------------------------------------------------------------------
Finished Renaming Generated Instances : Time (s): cpu = 00:01:14 ; elapsed = 00:01:15 . Memory (MB): peak = 927.574 ; gain = 541.383
---------------------------------------------------------------------------------

Report RTL Partitions: 
+-+--------------+------------+----------+
| |RTL Partition |Replication |Instances |
+-+--------------+------------+----------+
+-+--------------+------------+----------+
---------------------------------------------------------------------------------
Start Rebuilding User Hierarchy
---------------------------------------------------------------------------------
---------------------------------------------------------------------------------
Finished Rebuilding User Hierarchy : Time (s): cpu = 00:01:14 ; elapsed = 00:01:15 . Memory (MB): peak = 927.574 ; gain = 541.383
---------------------------------------------------------------------------------
---------------------------------------------------------------------------------
Start Renaming Generated Ports
---------------------------------------------------------------------------------
---------------------------------------------------------------------------------
Finished Renaming Generated Ports : Time (s): cpu = 00:01:14 ; elapsed = 00:01:15 . Memory (MB): peak = 927.574 ; gain = 541.383
---------------------------------------------------------------------------------
---------------------------------------------------------------------------------
Start Handling Custom Attributes
---------------------------------------------------------------------------------
---------------------------------------------------------------------------------
Finished Handling Custom Attributes : Time (s): cpu = 00:01:14 ; elapsed = 00:01:15 . Memory (MB): peak = 927.574 ; gain = 541.383
---------------------------------------------------------------------------------
---------------------------------------------------------------------------------
Start Renaming Generated Nets
---------------------------------------------------------------------------------
---------------------------------------------------------------------------------
Finished Renaming Generated Nets : Time (s): cpu = 00:01:14 ; elapsed = 00:01:15 . Memory (MB): peak = 927.574 ; gain = 541.383
---------------------------------------------------------------------------------
---------------------------------------------------------------------------------
Start ROM, RAM, DSP and Shift Register Reporting
---------------------------------------------------------------------------------

Static Shift Register Report:
+-----------------------+-------------------------------------------------------------------------------------------------------------------------------------------------------------------------------------------------------------------+--------+-------+--------------+--------------------+-------------------+--------+---------+
|Module Name            | RTL Name                                                                                                                                                                                                          | Length | Width | Reset Signal | Pull out first Reg | Pull out last Reg | SRL16E | SRLC32E | 
+-----------------------+-------------------------------------------------------------------------------------------------------------------------------------------------------------------------------------------------------------------+--------+-------+--------------+--------------------+-------------------+--------+---------+
|fifo_generator_v13_2_1 | inst_fifo_gen/gaxis_fifo.gaxisf.axisf/grf.rf/gntv_or_sync_fifo.mem/gbm.gbmg.gbmga.ngecc.bmg/inst_blk_mem_gen/gnbram.gnativebmg.native_blk_mem_gen/valid.cstr/ramloop[1].ram.r/SAFETY_CKT_GEN.RSTB_SHFT_REG_reg[4] | 4      | 2     | NO           | NO                 | YES               | 2      | 0       | 
+-----------------------+-------------------------------------------------------------------------------------------------------------------------------------------------------------------------------------------------------------------+--------+-------+--------------+--------------------+-------------------+--------+---------+

---------------------------------------------------------------------------------
Finished ROM, RAM, DSP and Shift Register Reporting
---------------------------------------------------------------------------------
---------------------------------------------------------------------------------
Start Writing Synthesis Report
---------------------------------------------------------------------------------

Report BlackBoxes: 
+-+--------------+----------+
| |BlackBox name |Instances |
+-+--------------+----------+
+-+--------------+----------+

Report Cell Usage: 
+------+---------+------+
|      |Cell     |Count |
+------+---------+------+
|1     |CARRY4   |     3|
|2     |LUT1     |     6|
|3     |LUT2     |    69|
|4     |LUT3     |    21|
|5     |LUT4     |    43|
|6     |LUT5     |    19|
|7     |LUT6     |    37|
|8     |MUXCY    |    30|
|9     |RAMB18E1 |     1|
|10    |RAMB36E1 |     1|
|11    |SRL16E   |     2|
|12    |FDCE     |    23|
|13    |FDPE     |    20|
|14    |FDRE     |   303|
|15    |FDSE     |    12|
+------+---------+------+

Report Instance Areas: 
+------+------------------------------------------------------------------------------------+-----------------------------------------+------+
|      |Instance                                                                            |Module                                   |Cells |
+------+------------------------------------------------------------------------------------+-----------------------------------------+------+
|1     |top                                                                                 |                                         |   590|
|2     |  U0                                                                                |fifo_generator_v13_2_1                   |   590|
|3     |    inst_fifo_gen                                                                   |fifo_generator_v13_2_1_synth             |   590|
|4     |      \gaxis_fifo.gaxisf.gaxis_pkt_fifo_ic.pkt_rd_stg_inst                          |xpm_cdc_gray                             |    67|
|5     |      \gaxis_fifo.gaxisf.gaxis_pkt_fifo_ic.af_rd_stg_inst                           |xpm_cdc_single__parameterized1           |     2|
|6     |      \gaxis_fifo.gaxisf.axisf                                                      |fifo_generator_top                       |   390|
|7     |        \grf.rf                                                                     |fifo_generator_ramfifo                   |   390|
|8     |          \gntv_or_sync_fifo.gcx.clkx                                               |clk_x_pntrs                              |   147|
|9     |            wr_pntr_cdc_inst                                                        |xpm_cdc_gray__1                          |    67|
|10    |            rd_pntr_cdc_inst                                                        |xpm_cdc_gray__2                          |    67|
|11    |          \gntv_or_sync_fifo.gl0.rd                                                 |rd_logic                                 |    71|
|12    |            \gr1.gr1_int.rfwft                                                      |rd_fwft                                  |    20|
|13    |            \gras.rsts                                                              |rd_status_flags_as                       |    15|
|14    |              c0                                                                    |compare_2                                |     7|
|15    |              c1                                                                    |compare_3                                |     6|
|16    |            rpntr                                                                   |rd_bin_cntr                              |    36|
|17    |          \gntv_or_sync_fifo.gl0.wr                                                 |wr_logic                                 |    97|
|18    |            \gwas.wsts                                                              |wr_status_flags_as                       |    26|
|19    |              c1                                                                    |compare                                  |     6|
|20    |              c2                                                                    |compare_0                                |     7|
|21    |              \gaf.c3                                                               |compare_1                                |     6|
|22    |            wpntr                                                                   |wr_bin_cntr                              |    71|
|23    |          \gntv_or_sync_fifo.mem                                                    |memory                                   |    39|
|24    |            \gbm.gbmg.gbmga.ngecc.bmg                                               |blk_mem_gen_v8_4_1                       |    17|
|25    |              inst_blk_mem_gen                                                      |blk_mem_gen_v8_4_1_synth                 |    17|
|26    |                \gnbram.gnativebmg.native_blk_mem_gen                               |blk_mem_gen_top                          |    17|
|27    |                  \valid.cstr                                                       |blk_mem_gen_generic_cstr                 |    17|
|28    |                    \ramloop[0].ram.r                                               |blk_mem_gen_prim_width                   |     1|
|29    |                      \prim_noinit.ram                                              |blk_mem_gen_prim_wrapper                 |     1|
|30    |                    \ramloop[1].ram.r                                               |blk_mem_gen_prim_width__parameterized0   |    16|
|31    |                      \prim_noinit.ram                                              |blk_mem_gen_prim_wrapper__parameterized0 |     2|
|32    |          rstblk                                                                    |reset_blk_ramfifo__parameterized0        |    36|
|33    |            \ngwrdrst.grst.g7serrst.gsckt_wrst.xpm_cdc_sync_rst_inst_wrst           |xpm_cdc_sync_rst__1                      |     5|
|34    |            \ngwrdrst.grst.g7serrst.gsckt_wrst.gic_rst.xpm_cdc_sync_rst_inst_wrst   |xpm_cdc_sync_rst                         |     5|
|35    |            \ngwrdrst.grst.g7serrst.gsckt_wrst.gic_rst.xpm_cdc_single_inst_wrst_rd  |xpm_cdc_single__parameterized0__1        |     5|
|36    |            \ngwrdrst.grst.g7serrst.gsckt_wrst.gic_rst.xpm_cdc_single_inst_rrst_wr  |xpm_cdc_single__parameterized0           |     5|
|37    |      \gaxis_fifo.gaxisf.gaxis_pkt_fifo_ic.rstblk                                   |reset_blk_ramfifo__xdcDup__1             |    29|
|38    |        \ngwrdrst.grst.g7serrst.gnsckt_wrst.rst_wr_reg2_inst                        |xpm_cdc_async_rst__4                     |     2|
|39    |        \ngwrdrst.grst.g7serrst.gnsckt_wrst.gic_rst.rst_rd_reg2_inst                |xpm_cdc_async_rst                        |     2|
|40    |        \ngwrdrst.grst.g7serrst.gnsckt_wrst.gic_rst.xpm_cdc_single_inst_wrst_rd     |xpm_cdc_single__4                        |     4|
|41    |        \ngwrdrst.grst.g7serrst.gnsckt_wrst.gic_rst.xpm_cdc_single_inst_rrst_wr     |xpm_cdc_single                           |     4|
|42    |      \reset_gen_ic.rstblk_ic                                                       |reset_blk_ramfifo                        |    28|
|43    |        \ngwrdrst.grst.g7serrst.gnsckt_wrst.rst_wr_reg2_inst                        |xpm_cdc_async_rst__2                     |     2|
|44    |        \ngwrdrst.grst.g7serrst.gnsckt_wrst.gic_rst.rst_rd_reg2_inst                |xpm_cdc_async_rst__3                     |     2|
|45    |        \ngwrdrst.grst.g7serrst.gnsckt_wrst.gic_rst.xpm_cdc_single_inst_wrst_rd     |xpm_cdc_single__2                        |     4|
|46    |        \ngwrdrst.grst.g7serrst.gnsckt_wrst.gic_rst.xpm_cdc_single_inst_rrst_wr     |xpm_cdc_single__3                        |     4|
+------+------------------------------------------------------------------------------------+-----------------------------------------+------+
---------------------------------------------------------------------------------
Finished Writing Synthesis Report : Time (s): cpu = 00:01:14 ; elapsed = 00:01:15 . Memory (MB): peak = 927.574 ; gain = 541.383
---------------------------------------------------------------------------------
Synthesis finished with 0 errors, 0 critical warnings and 488 warnings.
Synthesis Optimization Runtime : Time (s): cpu = 00:00:14 ; elapsed = 00:01:09 . Memory (MB): peak = 927.574 ; gain = 426.773
Synthesis Optimization Complete : Time (s): cpu = 00:01:14 ; elapsed = 00:01:15 . Memory (MB): peak = 927.574 ; gain = 541.383
INFO: [Project 1-571] Translating synthesized netlist
INFO: [Netlist 29-17] Analyzing 35 Unisim elements for replacement
INFO: [Netlist 29-28] Unisim Transformation completed in 0 CPU seconds
INFO: [Project 1-570] Preparing netlist for logic optimization
Sourcing Tcl File [E:/Vivado2017.4/Vivado/2017.4/data/ip/xpm/xpm_cdc/tcl/xpm_cdc_async_rst.tcl] for cell 'U0/inst_fifo_gen/gaxis_fifo.gaxisf.gaxis_pkt_fifo_ic.rstblk/ngwrdrst.grst.g7serrst.gnsckt_wrst.gic_rst.rst_rd_reg2_inst'
INFO: [Timing 38-35] Done setting XDC timing constraints. [E:/Vivado2017.4/Vivado/2017.4/data/ip/xpm/xpm_cdc/tcl/xpm_cdc_async_rst.tcl:2]
Finished Sourcing Tcl File [E:/Vivado2017.4/Vivado/2017.4/data/ip/xpm/xpm_cdc/tcl/xpm_cdc_async_rst.tcl] for cell 'U0/inst_fifo_gen/gaxis_fifo.gaxisf.gaxis_pkt_fifo_ic.rstblk/ngwrdrst.grst.g7serrst.gnsckt_wrst.gic_rst.rst_rd_reg2_inst'
Sourcing Tcl File [E:/Vivado2017.4/Vivado/2017.4/data/ip/xpm/xpm_cdc/tcl/xpm_cdc_async_rst.tcl] for cell 'U0/inst_fifo_gen/reset_gen_ic.rstblk_ic/ngwrdrst.grst.g7serrst.gnsckt_wrst.rst_wr_reg2_inst'
Finished Sourcing Tcl File [E:/Vivado2017.4/Vivado/2017.4/data/ip/xpm/xpm_cdc/tcl/xpm_cdc_async_rst.tcl] for cell 'U0/inst_fifo_gen/reset_gen_ic.rstblk_ic/ngwrdrst.grst.g7serrst.gnsckt_wrst.rst_wr_reg2_inst'
Sourcing Tcl File [E:/Vivado2017.4/Vivado/2017.4/data/ip/xpm/xpm_cdc/tcl/xpm_cdc_async_rst.tcl] for cell 'U0/inst_fifo_gen/reset_gen_ic.rstblk_ic/ngwrdrst.grst.g7serrst.gnsckt_wrst.gic_rst.rst_rd_reg2_inst'
Finished Sourcing Tcl File [E:/Vivado2017.4/Vivado/2017.4/data/ip/xpm/xpm_cdc/tcl/xpm_cdc_async_rst.tcl] for cell 'U0/inst_fifo_gen/reset_gen_ic.rstblk_ic/ngwrdrst.grst.g7serrst.gnsckt_wrst.gic_rst.rst_rd_reg2_inst'
Sourcing Tcl File [E:/Vivado2017.4/Vivado/2017.4/data/ip/xpm/xpm_cdc/tcl/xpm_cdc_async_rst.tcl] for cell 'U0/inst_fifo_gen/gaxis_fifo.gaxisf.gaxis_pkt_fifo_ic.rstblk/ngwrdrst.grst.g7serrst.gnsckt_wrst.rst_wr_reg2_inst'
Finished Sourcing Tcl File [E:/Vivado2017.4/Vivado/2017.4/data/ip/xpm/xpm_cdc/tcl/xpm_cdc_async_rst.tcl] for cell 'U0/inst_fifo_gen/gaxis_fifo.gaxisf.gaxis_pkt_fifo_ic.rstblk/ngwrdrst.grst.g7serrst.gnsckt_wrst.rst_wr_reg2_inst'
Sourcing Tcl File [E:/Vivado2017.4/Vivado/2017.4/data/ip/xpm/xpm_cdc/tcl/xpm_cdc_gray.tcl] for cell 'U0/inst_fifo_gen/gaxis_fifo.gaxisf.gaxis_pkt_fifo_ic.pkt_rd_stg_inst'
Finished Sourcing Tcl File [E:/Vivado2017.4/Vivado/2017.4/data/ip/xpm/xpm_cdc/tcl/xpm_cdc_gray.tcl] for cell 'U0/inst_fifo_gen/gaxis_fifo.gaxisf.gaxis_pkt_fifo_ic.pkt_rd_stg_inst'
Sourcing Tcl File [E:/Vivado2017.4/Vivado/2017.4/data/ip/xpm/xpm_cdc/tcl/xpm_cdc_gray.tcl] for cell 'U0/inst_fifo_gen/gaxis_fifo.gaxisf.axisf/grf.rf/gntv_or_sync_fifo.gcx.clkx/wr_pntr_cdc_inst'
Finished Sourcing Tcl File [E:/Vivado2017.4/Vivado/2017.4/data/ip/xpm/xpm_cdc/tcl/xpm_cdc_gray.tcl] for cell 'U0/inst_fifo_gen/gaxis_fifo.gaxisf.axisf/grf.rf/gntv_or_sync_fifo.gcx.clkx/wr_pntr_cdc_inst'
Sourcing Tcl File [E:/Vivado2017.4/Vivado/2017.4/data/ip/xpm/xpm_cdc/tcl/xpm_cdc_gray.tcl] for cell 'U0/inst_fifo_gen/gaxis_fifo.gaxisf.axisf/grf.rf/gntv_or_sync_fifo.gcx.clkx/rd_pntr_cdc_inst'
Finished Sourcing Tcl File [E:/Vivado2017.4/Vivado/2017.4/data/ip/xpm/xpm_cdc/tcl/xpm_cdc_gray.tcl] for cell 'U0/inst_fifo_gen/gaxis_fifo.gaxisf.axisf/grf.rf/gntv_or_sync_fifo.gcx.clkx/rd_pntr_cdc_inst'
Sourcing Tcl File [E:/Vivado2017.4/Vivado/2017.4/data/ip/xpm/xpm_cdc/tcl/xpm_cdc_single.tcl] for cell 'U0/inst_fifo_gen/gaxis_fifo.gaxisf.gaxis_pkt_fifo_ic.rstblk/ngwrdrst.grst.g7serrst.gnsckt_wrst.gic_rst.xpm_cdc_single_inst_rrst_wr'
Finished Sourcing Tcl File [E:/Vivado2017.4/Vivado/2017.4/data/ip/xpm/xpm_cdc/tcl/xpm_cdc_single.tcl] for cell 'U0/inst_fifo_gen/gaxis_fifo.gaxisf.gaxis_pkt_fifo_ic.rstblk/ngwrdrst.grst.g7serrst.gnsckt_wrst.gic_rst.xpm_cdc_single_inst_rrst_wr'
Sourcing Tcl File [E:/Vivado2017.4/Vivado/2017.4/data/ip/xpm/xpm_cdc/tcl/xpm_cdc_single.tcl] for cell 'U0/inst_fifo_gen/reset_gen_ic.rstblk_ic/ngwrdrst.grst.g7serrst.gnsckt_wrst.gic_rst.xpm_cdc_single_inst_wrst_rd'
Finished Sourcing Tcl File [E:/Vivado2017.4/Vivado/2017.4/data/ip/xpm/xpm_cdc/tcl/xpm_cdc_single.tcl] for cell 'U0/inst_fifo_gen/reset_gen_ic.rstblk_ic/ngwrdrst.grst.g7serrst.gnsckt_wrst.gic_rst.xpm_cdc_single_inst_wrst_rd'
Sourcing Tcl File [E:/Vivado2017.4/Vivado/2017.4/data/ip/xpm/xpm_cdc/tcl/xpm_cdc_single.tcl] for cell 'U0/inst_fifo_gen/reset_gen_ic.rstblk_ic/ngwrdrst.grst.g7serrst.gnsckt_wrst.gic_rst.xpm_cdc_single_inst_rrst_wr'
Finished Sourcing Tcl File [E:/Vivado2017.4/Vivado/2017.4/data/ip/xpm/xpm_cdc/tcl/xpm_cdc_single.tcl] for cell 'U0/inst_fifo_gen/reset_gen_ic.rstblk_ic/ngwrdrst.grst.g7serrst.gnsckt_wrst.gic_rst.xpm_cdc_single_inst_rrst_wr'
Sourcing Tcl File [E:/Vivado2017.4/Vivado/2017.4/data/ip/xpm/xpm_cdc/tcl/xpm_cdc_single.tcl] for cell 'U0/inst_fifo_gen/gaxis_fifo.gaxisf.gaxis_pkt_fifo_ic.rstblk/ngwrdrst.grst.g7serrst.gnsckt_wrst.gic_rst.xpm_cdc_single_inst_wrst_rd'
Finished Sourcing Tcl File [E:/Vivado2017.4/Vivado/2017.4/data/ip/xpm/xpm_cdc/tcl/xpm_cdc_single.tcl] for cell 'U0/inst_fifo_gen/gaxis_fifo.gaxisf.gaxis_pkt_fifo_ic.rstblk/ngwrdrst.grst.g7serrst.gnsckt_wrst.gic_rst.xpm_cdc_single_inst_wrst_rd'
Sourcing Tcl File [E:/Vivado2017.4/Vivado/2017.4/data/ip/xpm/xpm_cdc/tcl/xpm_cdc_single.tcl] for cell 'U0/inst_fifo_gen/gaxis_fifo.gaxisf.axisf/grf.rf/rstblk/ngwrdrst.grst.g7serrst.gsckt_wrst.gic_rst.xpm_cdc_single_inst_rrst_wr'
Finished Sourcing Tcl File [E:/Vivado2017.4/Vivado/2017.4/data/ip/xpm/xpm_cdc/tcl/xpm_cdc_single.tcl] for cell 'U0/inst_fifo_gen/gaxis_fifo.gaxisf.axisf/grf.rf/rstblk/ngwrdrst.grst.g7serrst.gsckt_wrst.gic_rst.xpm_cdc_single_inst_rrst_wr'
Sourcing Tcl File [E:/Vivado2017.4/Vivado/2017.4/data/ip/xpm/xpm_cdc/tcl/xpm_cdc_single.tcl] for cell 'U0/inst_fifo_gen/gaxis_fifo.gaxisf.axisf/grf.rf/rstblk/ngwrdrst.grst.g7serrst.gsckt_wrst.gic_rst.xpm_cdc_single_inst_wrst_rd'
Finished Sourcing Tcl File [E:/Vivado2017.4/Vivado/2017.4/data/ip/xpm/xpm_cdc/tcl/xpm_cdc_single.tcl] for cell 'U0/inst_fifo_gen/gaxis_fifo.gaxisf.axisf/grf.rf/rstblk/ngwrdrst.grst.g7serrst.gsckt_wrst.gic_rst.xpm_cdc_single_inst_wrst_rd'
Sourcing Tcl File [E:/Vivado2017.4/Vivado/2017.4/data/ip/xpm/xpm_cdc/tcl/xpm_cdc_single.tcl] for cell 'U0/inst_fifo_gen/gaxis_fifo.gaxisf.gaxis_pkt_fifo_ic.af_rd_stg_inst'
Finished Sourcing Tcl File [E:/Vivado2017.4/Vivado/2017.4/data/ip/xpm/xpm_cdc/tcl/xpm_cdc_single.tcl] for cell 'U0/inst_fifo_gen/gaxis_fifo.gaxisf.gaxis_pkt_fifo_ic.af_rd_stg_inst'
Sourcing Tcl File [E:/Vivado2017.4/Vivado/2017.4/data/ip/xpm/xpm_cdc/tcl/xpm_cdc_sync_rst.tcl] for cell 'U0/inst_fifo_gen/gaxis_fifo.gaxisf.axisf/grf.rf/rstblk/ngwrdrst.grst.g7serrst.gsckt_wrst.gic_rst.xpm_cdc_sync_rst_inst_wrst'
Finished Sourcing Tcl File [E:/Vivado2017.4/Vivado/2017.4/data/ip/xpm/xpm_cdc/tcl/xpm_cdc_sync_rst.tcl] for cell 'U0/inst_fifo_gen/gaxis_fifo.gaxisf.axisf/grf.rf/rstblk/ngwrdrst.grst.g7serrst.gsckt_wrst.gic_rst.xpm_cdc_sync_rst_inst_wrst'
Sourcing Tcl File [E:/Vivado2017.4/Vivado/2017.4/data/ip/xpm/xpm_cdc/tcl/xpm_cdc_sync_rst.tcl] for cell 'U0/inst_fifo_gen/gaxis_fifo.gaxisf.axisf/grf.rf/rstblk/ngwrdrst.grst.g7serrst.gsckt_wrst.xpm_cdc_sync_rst_inst_wrst'
Finished Sourcing Tcl File [E:/Vivado2017.4/Vivado/2017.4/data/ip/xpm/xpm_cdc/tcl/xpm_cdc_sync_rst.tcl] for cell 'U0/inst_fifo_gen/gaxis_fifo.gaxisf.axisf/grf.rf/rstblk/ngwrdrst.grst.g7serrst.gsckt_wrst.xpm_cdc_sync_rst_inst_wrst'
INFO: [Opt 31-138] Pushed 0 inverter(s) to 0 load pin(s).
INFO: [Project 1-111] Unisim Transformation Summary:
  A total of 10 instances were transformed.
  (MUXCY,XORCY) => CARRY4: 10 instances

INFO: [Common 17-83] Releasing license: Synthesis
54 Infos, 101 Warnings, 0 Critical Warnings and 0 Errors encountered.
synth_design completed successfully
synth_design: Time (s): cpu = 00:01:17 ; elapsed = 00:01:20 . Memory (MB): peak = 1374.273 ; gain = 999.559
INFO: [Common 17-1381] The checkpoint 'E:/ZynqProject_v17/Adc9228_top_axi_v2/Adc9228_top_axi.runs/fifo_generator_0_synth_1/fifo_generator_0.dcp' has been generated.
