#-----------------------------------------------------------
# Webtalk v2017.4 (64-bit)
# SW Build 2086221 on Fri Dec 15 20:55:39 MST 2017
# 
# Start of session at: Thu Sep 14 21:59:51 2023
# Process ID: 20708
# Current directory: E:/ZynqProject_v17/Adc9228_TCP_System_v3/Adc3444_TCP_main.sdk/webtalk
# Command line: wbtcv.exe -mode batch -source sdk_webtalk.tcl
# Log file: E:/ZynqProject_v17/Adc9228_TCP_System_v3/Adc3444_TCP_main.sdk/webtalk/webtalk.log
# Journal file: E:/ZynqProject_v17/Adc9228_TCP_System_v3/Adc3444_TCP_main.sdk/webtalk\webtalk.jou
#-----------------------------------------------------------
source sdk_webtalk.tcl
# webtalk_init -webtalk_dir E:\\ZynqProject_v17\\Adc9228_TCP_System_v3\\Adc3444_TCP_main.sdk\\webtalk
# webtalk_register_client -client project
# webtalk_add_data -client project -key date_generated -value "2023-09-14 21:59:50" -context "software_version_and_target_device"
# webtalk_add_data -client project -key product_version -value "SDK v2017.4" -context "software_version_and_target_device"
# webtalk_add_data -client project -key build_version -value "2017.4" -context "software_version_and_target_device"
# webtalk_add_data -client project -key os_platform -value "amd64" -context "software_version_and_target_device"
# webtalk_add_data -client project -key registration_id -value "" -context "software_version_and_target_device"
# webtalk_add_data -client project -key tool_flow -value "SDK" -context "software_version_and_target_device"
# webtalk_add_data -client project -key beta -value "false" -context "software_version_and_target_device"
# webtalk_add_data -client project -key route_design -value "NA" -context "software_version_and_target_device"
# webtalk_add_data -client project -key target_family -value "NA" -context "software_version_and_target_device"
# webtalk_add_data -client project -key target_device -value "NA" -context "software_version_and_target_device"
# webtalk_add_data -client project -key target_package -value "NA" -context "software_version_and_target_device"
# webtalk_add_data -client project -key target_speed -value "NA" -context "software_version_and_target_device"
# webtalk_add_data -client project -key random_id -value "k0bflebah0ubpd7dam1q68mfn7" -context "software_version_and_target_device"
# webtalk_add_data -client project -key project_id -value "2017.4_14" -context "software_version_and_target_device"
# webtalk_add_data -client project -key project_iteration -value "14" -context "software_version_and_target_device"
# webtalk_add_data -client project -key os_name -value "Microsoft Windows 8 or later , 64-bit" -context "user_environment"
# webtalk_add_data -client project -key os_release -value "major release  (build 9200)" -context "user_environment"
# webtalk_add_data -client project -key cpu_name -value "11th Gen Intel(R) Core(TM) i5-1135G7 @ 2.40GHz" -context "user_environment"
# webtalk_add_data -client project -key cpu_speed -value "2419 MHz" -context "user_environment"
# webtalk_add_data -client project -key total_processors -value "1" -context "user_environment"
# webtalk_add_data -client project -key system_ram -value "16.953 GB" -context "user_environment"
# webtalk_register_client -client sdk
# webtalk_add_data -client sdk -key uid -value "1694696860850" -context "sdk\\\\bsp/1694696860850"
# webtalk_add_data -client sdk -key hwid -value "1693987236347" -context "sdk\\\\bsp/1694696860850"
# webtalk_add_data -client sdk -key os -value "standalone" -context "sdk\\\\bsp/1694696860850"
# webtalk_add_data -client sdk -key apptemplate -value "lwip_echo_server" -context "sdk\\\\bsp/1694696860850"
# webtalk_add_data -client sdk -key RecordType -value "BSPCreation" -context "sdk\\\\bsp/1694696860850"
# webtalk_add_data -client sdk -key uid -value "1694696862198" -context "sdk\\\\application/1694696862198"
# webtalk_add_data -client sdk -key hwid -value "1693987236347" -context "sdk\\\\application/1694696862198"
# webtalk_add_data -client sdk -key bspid -value "1694696860850" -context "sdk\\\\application/1694696862198"
# webtalk_add_data -client sdk -key newbsp -value "true" -context "sdk\\\\application/1694696862198"
# webtalk_add_data -client sdk -key os -value "standalone" -context "sdk\\\\application/1694696862198"
# webtalk_add_data -client sdk -key apptemplate -value "lwip_echo_server" -context "sdk\\\\application/1694696862198"
# webtalk_add_data -client sdk -key RecordType -value "APPCreation" -context "sdk\\\\application/1694696862198"
# webtalk_add_data -client sdk -key LangUsed -value "C" -context "sdk\\\\application/1694696862198"
# webtalk_add_data -client sdk -key Procused -value "ps7_cortexa9" -context "sdk\\\\application/1694696862198"
# webtalk_add_data -client sdk -key projSize -value "343.3828125" -context "sdk\\\\application/1694696862198"
# webtalk_add_data -client sdk -key uid -value "NA" -context "sdk\\\\bsp/1694699989986"
# webtalk_add_data -client sdk -key RecordType -value "ToolUsage" -context "sdk\\\\bsp/1694699989986"
# webtalk_add_data -client sdk -key BootgenCount -value "0" -context "sdk\\\\bsp/1694699989986"
# webtalk_add_data -client sdk -key DebugCount -value "18" -context "sdk\\\\bsp/1694699989986"
# webtalk_add_data -client sdk -key PerfCount -value "0" -context "sdk\\\\bsp/1694699989986"
# webtalk_add_data -client sdk -key FlashCount -value "0" -context "sdk\\\\bsp/1694699989986"
# webtalk_add_data -client sdk -key CrossTriggCount -value "0" -context "sdk\\\\bsp/1694699989986"
# webtalk_add_data -client sdk -key QemuDebugCount -value "0" -context "sdk\\\\bsp/1694699989986"
# webtalk_transmit -clientid 2889314941 -regid "" -xml E:\\ZynqProject_v17\\Adc9228_TCP_System_v3\\Adc3444_TCP_main.sdk\\webtalk\\usage_statistics_ext_sdk.xml -html E:\\ZynqProject_v17\\Adc9228_TCP_System_v3\\Adc3444_TCP_main.sdk\\webtalk\\usage_statistics_ext_sdk.html -wdm E:\\ZynqProject_v17\\Adc9228_TCP_System_v3\\Adc3444_TCP_main.sdk\\webtalk\\sdk_webtalk.wdm -intro "<H3>SDK Usage Report</H3><BR>"
# webtalk_terminate
INFO: [Common 17-206] Exiting Webtalk at Thu Sep 14 21:59:55 2023...
