Copyright 1986-2019 Xilinx, Inc. All Rights Reserved.
------------------------------------------------------------------------------------
| Tool Version : Vivado v.2019.2 (win64) Build 2708876 Wed Nov  6 21:40:23 MST 2019
| Date         : Thu Jul  6 16:15:13 2023
| Host         : LAPTOP-7RHB2PA2 running 64-bit major release  (build 9200)
| Command      : upgrade_ip
| Device       : xc7z020clg400-1
------------------------------------------------------------------------------------

Upgrade Log for IP 'ila_1'

1. Summary
----------

SUCCESS in the conversion of ila_1 (xilinx.com:ip:ila:6.2 (Rev. 10)) to Vivado generation flows.






Copyright 1986-2019 Xilinx, Inc. All Rights Reserved.
------------------------------------------------------------------------------------
| Tool Version : Vivado v.2019.2 (win64) Build 2708876 Wed Nov  6 21:40:23 MST 2019
| Date         : Thu Jul  6 16:14:09 2023
| Host         : LAPTOP-7RHB2PA2 running 64-bit major release  (build 9200)
| Command      : upgrade_ip
| Device       : xc7z030fbg676-1
------------------------------------------------------------------------------------

Upgrade Log for IP 'ila_1'

1. Summary
----------

SUCCESS in the upgrade of ila_1 (xilinx.com:ip:ila:6.2) from (Rev. 5) to (Rev. 10)

